[2025-12-30T03:01:32.382+0000] {local_task_job_runner.py:123} INFO - ::group::Pre task execution logs
[2025-12-30T03:01:32.397+0000] {taskinstance.py:2612} INFO - Dependencies all met for dep_context=non-requeueable deps ti=<TaskInstance: trend_pipeline.branch_product_path auto__130_1767063600217 [queued]>
[2025-12-30T03:01:32.403+0000] {taskinstance.py:2612} INFO - Dependencies all met for dep_context=requeueable deps ti=<TaskInstance: trend_pipeline.branch_product_path auto__130_1767063600217 [queued]>
[2025-12-30T03:01:32.404+0000] {taskinstance.py:2865} INFO - Starting attempt 1 of 3
[2025-12-30T03:01:32.413+0000] {taskinstance.py:2888} INFO - Executing <Task(BranchPythonOperator): branch_product_path> on 2025-12-30 03:00:01.079284+00:00
[2025-12-30T03:01:32.424+0000] {warnings.py:112} WARNING - /home/***/.local/lib/python3.12/site-packages/***/task/task_runner/standard_task_runner.py:70: DeprecationWarning: This process (pid=1238) is multi-threaded, use of fork() may lead to deadlocks in the child.
  pid = os.fork()

[2025-12-30T03:01:32.426+0000] {standard_task_runner.py:72} INFO - Started process 1240 to run task
[2025-12-30T03:01:32.426+0000] {standard_task_runner.py:104} INFO - Running: ['***', 'tasks', 'run', 'trend_pipeline', 'branch_product_path', 'auto__130_1767063600217', '--job-id', '37', '--raw', '--subdir', 'DAGS_FOLDER/trend_pipeline.py', '--cfg-path', '/tmp/tmpthxp_6as']
[2025-12-30T03:01:32.436+0000] {standard_task_runner.py:105} INFO - Job 37: Subtask branch_product_path
[2025-12-30T03:01:32.487+0000] {task_command.py:467} INFO - Running <TaskInstance: trend_pipeline.branch_product_path auto__130_1767063600217 [running]> on host 5580cc714497
[2025-12-30T03:01:32.564+0000] {taskinstance.py:3131} INFO - Exporting env vars: AIRFLOW_CTX_DAG_OWNER='trend-bot' AIRFLOW_CTX_DAG_ID='trend_pipeline' AIRFLOW_CTX_TASK_ID='branch_product_path' AIRFLOW_CTX_EXECUTION_DATE='2025-12-30T03:00:01.079284+00:00' AIRFLOW_CTX_TRY_NUMBER='1' AIRFLOW_CTX_DAG_RUN_ID='auto__130_1767063600217'
[2025-12-30T03:01:32.565+0000] {taskinstance.py:731} INFO - ::endgroup::
[2025-12-30T03:01:32.581+0000] {baseoperator.py:405} WARNING - BranchPythonOperator.execute cannot be called outside TaskInstance!
[2025-12-30T03:01:32.582+0000] {trend_pipeline.py:233} INFO - 상품 선택 경로 분기 중...
[2025-12-30T03:01:32.588+0000] {python.py:240} INFO - Done. Returned value was: find_product
[2025-12-30T03:01:32.589+0000] {branch.py:38} INFO - Branch into find_product
[2025-12-30T03:01:32.589+0000] {skipmixin.py:230} INFO - Following branch ('find_product',)
[2025-12-30T03:01:32.595+0000] {skipmixin.py:278} INFO - Skipping tasks [('select_product', -1)]
[2025-12-30T03:01:32.613+0000] {taskinstance.py:340} INFO - ::group::Post task execution logs
[2025-12-30T03:01:32.613+0000] {taskinstance.py:352} INFO - Marking task as SUCCESS. dag_id=trend_pipeline, task_id=branch_product_path, run_id=auto__130_1767063600217, execution_date=20251230T030001, start_date=20251230T030132, end_date=20251230T030132
[2025-12-30T03:01:32.657+0000] {local_task_job_runner.py:266} INFO - Task exited with return code 0
[2025-12-30T03:01:32.682+0000] {taskinstance.py:3900} INFO - 1 downstream tasks scheduled from follow-on schedule check
[2025-12-30T03:01:32.682+0000] {local_task_job_runner.py:245} INFO - ::endgroup::
