[2025-12-29T13:31:45.263+0000] {processor.py:186} INFO - Started process (PID=30) to work on /opt/airflow/dags/trend_pipeline.py
[2025-12-29T13:31:45.270+0000] {processor.py:914} INFO - Processing file /opt/airflow/dags/trend_pipeline.py for tasks to queue
[2025-12-29T13:31:45.302+0000] {logging_mixin.py:190} INFO - [2025-12-29T13:31:45.295+0000] {dagbag.py:588} INFO - Filling up the DagBag from /opt/airflow/dags/trend_pipeline.py
[2025-12-29T13:32:16.596+0000] {logging_mixin.py:190} INFO - [2025-12-29T13:32:16.588+0000] {timeout.py:68} ERROR - Process timed out, PID: 30
[2025-12-29T13:32:18.345+0000] {logging_mixin.py:190} INFO - [2025-12-29T13:32:18.195+0000] {dagbag.py:387} ERROR - Failed to import: /opt/airflow/dags/trend_pipeline.py
Traceback (most recent call last):
  File "/home/airflow/.local/lib/python3.12/site-packages/airflow/models/dagbag.py", line 383, in parse
    loader.exec_module(new_module)
  File "<frozen importlib._bootstrap_external>", line 995, in exec_module
  File "<frozen importlib._bootstrap>", line 488, in _call_with_frames_removed
  File "/opt/airflow/dags/trend_pipeline.py", line 19, in <module>
    from keyword_crawler import crawl_keywords
  File "/opt/airflow/ai_module/keyword_crawler/__init__.py", line 7, in <module>
    from .pipeline import DEFAULT_OUTPUT_PATH, crawl_keywords
  File "/opt/airflow/ai_module/keyword_crawler/pipeline.py", line 7, in <module>
    from keyword_crawler.infra.driver_factory import DriverFactory
  File "/opt/airflow/ai_module/keyword_crawler/infra/driver_factory.py", line 7, in <module>
    from webdriver_manager.chrome import ChromeDriverManager
  File "/home/airflow/.local/lib/python3.12/site-packages/webdriver_manager/chrome.py", line 4, in <module>
    from webdriver_manager.core.download_manager import DownloadManager
  File "<frozen importlib._bootstrap>", line 1357, in _find_and_load
  File "<frozen importlib._bootstrap>", line 418, in __enter__
  File "<frozen importlib._bootstrap>", line 311, in acquire
  File "<frozen importlib._bootstrap>", line 170, in __enter__
  File "/home/airflow/.local/lib/python3.12/site-packages/airflow/utils/timeout.py", line 69, in handle_timeout
    raise AirflowTaskTimeout(self.error_message)
airflow.exceptions.AirflowTaskTimeout: DagBag import timeout for /opt/airflow/dags/trend_pipeline.py after 30.0s.
Please take a look at these docs to improve your DAG import time:
* https://airflow.apache.org/docs/apache-airflow/2.10.2/best-practices.html#top-level-python-code
* https://airflow.apache.org/docs/apache-airflow/2.10.2/best-practices.html#reducing-dag-complexity, PID: 30
[2025-12-29T13:32:18.350+0000] {processor.py:927} WARNING - No viable dags retrieved from /opt/airflow/dags/trend_pipeline.py
[2025-12-29T13:32:19.399+0000] {processor.py:208} INFO - Processing /opt/airflow/dags/trend_pipeline.py took 34.172 seconds
[2025-12-29T13:32:49.899+0000] {processor.py:186} INFO - Started process (PID=31) to work on /opt/airflow/dags/trend_pipeline.py
[2025-12-29T13:32:49.905+0000] {processor.py:914} INFO - Processing file /opt/airflow/dags/trend_pipeline.py for tasks to queue
[2025-12-29T13:32:49.932+0000] {logging_mixin.py:190} INFO - [2025-12-29T13:32:49.928+0000] {dagbag.py:588} INFO - Filling up the DagBag from /opt/airflow/dags/trend_pipeline.py
[2025-12-29T13:32:56.545+0000] {processor.py:925} INFO - DAG(s) 'trend_pipeline' retrieved from /opt/airflow/dags/trend_pipeline.py
[2025-12-29T13:33:56.793+0000] {processor.py:186} INFO - Started process (PID=30) to work on /opt/airflow/dags/trend_pipeline.py
[2025-12-29T13:33:56.800+0000] {processor.py:914} INFO - Processing file /opt/airflow/dags/trend_pipeline.py for tasks to queue
[2025-12-29T13:33:56.822+0000] {logging_mixin.py:190} INFO - [2025-12-29T13:33:56.819+0000] {dagbag.py:588} INFO - Filling up the DagBag from /opt/airflow/dags/trend_pipeline.py
[2025-12-29T13:33:58.557+0000] {processor.py:925} INFO - DAG(s) 'trend_pipeline' retrieved from /opt/airflow/dags/trend_pipeline.py
[2025-12-29T13:33:58.925+0000] {logging_mixin.py:190} INFO - [2025-12-29T13:33:58.925+0000] {override.py:1900} INFO - Created Permission View: can read on DAG:trend_pipeline
[2025-12-29T13:33:58.932+0000] {logging_mixin.py:190} INFO - [2025-12-29T13:33:58.932+0000] {override.py:1900} INFO - Created Permission View: can delete on DAG:trend_pipeline
[2025-12-29T13:33:58.936+0000] {logging_mixin.py:190} INFO - [2025-12-29T13:33:58.935+0000] {override.py:1900} INFO - Created Permission View: can edit on DAG:trend_pipeline
[2025-12-29T13:33:58.939+0000] {logging_mixin.py:190} INFO - [2025-12-29T13:33:58.939+0000] {override.py:1900} INFO - Created Permission View: can create on DAG Run:trend_pipeline
[2025-12-29T13:33:58.943+0000] {logging_mixin.py:190} INFO - [2025-12-29T13:33:58.943+0000] {override.py:1900} INFO - Created Permission View: can read on DAG Run:trend_pipeline
[2025-12-29T13:33:58.947+0000] {logging_mixin.py:190} INFO - [2025-12-29T13:33:58.947+0000] {override.py:1900} INFO - Created Permission View: can delete on DAG Run:trend_pipeline
[2025-12-29T13:33:58.950+0000] {logging_mixin.py:190} INFO - [2025-12-29T13:33:58.950+0000] {override.py:1900} INFO - Created Permission View: menu access on DAG Run:trend_pipeline
[2025-12-29T13:33:58.951+0000] {logging_mixin.py:190} INFO - [2025-12-29T13:33:58.951+0000] {dag.py:3239} INFO - Sync 1 DAGs
[2025-12-29T13:33:58.967+0000] {logging_mixin.py:190} INFO - [2025-12-29T13:33:58.966+0000] {dag.py:3262} INFO - Creating ORM DAG for trend_pipeline
[2025-12-29T13:33:58.967+0000] {logging_mixin.py:190} INFO - [2025-12-29T13:33:58.967+0000] {dag.py:4180} INFO - Setting next_dagrun for trend_pipeline to None, run_after=None
[2025-12-29T13:33:58.980+0000] {processor.py:208} INFO - Processing /opt/airflow/dags/trend_pipeline.py took 2.230 seconds
[2025-12-29T13:34:29.333+0000] {processor.py:186} INFO - Started process (PID=31) to work on /opt/airflow/dags/trend_pipeline.py
[2025-12-29T13:34:29.336+0000] {processor.py:914} INFO - Processing file /opt/airflow/dags/trend_pipeline.py for tasks to queue
[2025-12-29T13:34:29.346+0000] {logging_mixin.py:190} INFO - [2025-12-29T13:34:29.346+0000] {dagbag.py:588} INFO - Filling up the DagBag from /opt/airflow/dags/trend_pipeline.py
[2025-12-29T13:34:30.511+0000] {processor.py:925} INFO - DAG(s) 'trend_pipeline' retrieved from /opt/airflow/dags/trend_pipeline.py
[2025-12-29T13:34:30.573+0000] {logging_mixin.py:190} INFO - [2025-12-29T13:34:30.572+0000] {dag.py:3239} INFO - Sync 1 DAGs
[2025-12-29T13:34:30.607+0000] {logging_mixin.py:190} INFO - [2025-12-29T13:34:30.607+0000] {dag.py:4180} INFO - Setting next_dagrun for trend_pipeline to None, run_after=None
[2025-12-29T13:34:30.630+0000] {processor.py:208} INFO - Processing /opt/airflow/dags/trend_pipeline.py took 1.315 seconds
[2025-12-29T13:35:00.794+0000] {processor.py:186} INFO - Started process (PID=32) to work on /opt/airflow/dags/trend_pipeline.py
[2025-12-29T13:35:00.796+0000] {processor.py:914} INFO - Processing file /opt/airflow/dags/trend_pipeline.py for tasks to queue
[2025-12-29T13:35:00.811+0000] {logging_mixin.py:190} INFO - [2025-12-29T13:35:00.810+0000] {dagbag.py:588} INFO - Filling up the DagBag from /opt/airflow/dags/trend_pipeline.py
[2025-12-29T13:35:01.615+0000] {processor.py:925} INFO - DAG(s) 'trend_pipeline' retrieved from /opt/airflow/dags/trend_pipeline.py
[2025-12-29T13:35:01.647+0000] {logging_mixin.py:190} INFO - [2025-12-29T13:35:01.647+0000] {dag.py:3239} INFO - Sync 1 DAGs
[2025-12-29T13:35:01.665+0000] {logging_mixin.py:190} INFO - [2025-12-29T13:35:01.665+0000] {dag.py:4180} INFO - Setting next_dagrun for trend_pipeline to None, run_after=None
[2025-12-29T13:35:01.685+0000] {processor.py:208} INFO - Processing /opt/airflow/dags/trend_pipeline.py took 0.908 seconds
[2025-12-29T13:35:32.136+0000] {processor.py:186} INFO - Started process (PID=33) to work on /opt/airflow/dags/trend_pipeline.py
[2025-12-29T13:35:32.139+0000] {processor.py:914} INFO - Processing file /opt/airflow/dags/trend_pipeline.py for tasks to queue
[2025-12-29T13:35:32.152+0000] {logging_mixin.py:190} INFO - [2025-12-29T13:35:32.151+0000] {dagbag.py:588} INFO - Filling up the DagBag from /opt/airflow/dags/trend_pipeline.py
[2025-12-29T13:35:33.442+0000] {processor.py:925} INFO - DAG(s) 'trend_pipeline' retrieved from /opt/airflow/dags/trend_pipeline.py
[2025-12-29T13:35:33.496+0000] {logging_mixin.py:190} INFO - [2025-12-29T13:35:33.494+0000] {dag.py:3239} INFO - Sync 1 DAGs
[2025-12-29T13:35:33.517+0000] {logging_mixin.py:190} INFO - [2025-12-29T13:35:33.517+0000] {dag.py:4180} INFO - Setting next_dagrun for trend_pipeline to None, run_after=None
[2025-12-29T13:35:33.532+0000] {processor.py:208} INFO - Processing /opt/airflow/dags/trend_pipeline.py took 1.428 seconds
[2025-12-29T13:36:03.944+0000] {processor.py:186} INFO - Started process (PID=34) to work on /opt/airflow/dags/trend_pipeline.py
[2025-12-29T13:36:03.948+0000] {processor.py:914} INFO - Processing file /opt/airflow/dags/trend_pipeline.py for tasks to queue
[2025-12-29T13:36:03.957+0000] {logging_mixin.py:190} INFO - [2025-12-29T13:36:03.956+0000] {dagbag.py:588} INFO - Filling up the DagBag from /opt/airflow/dags/trend_pipeline.py
[2025-12-29T13:36:05.279+0000] {processor.py:925} INFO - DAG(s) 'trend_pipeline' retrieved from /opt/airflow/dags/trend_pipeline.py
[2025-12-29T13:36:05.320+0000] {logging_mixin.py:190} INFO - [2025-12-29T13:36:05.319+0000] {dag.py:3239} INFO - Sync 1 DAGs
[2025-12-29T13:36:05.331+0000] {logging_mixin.py:190} INFO - [2025-12-29T13:36:05.331+0000] {dag.py:4180} INFO - Setting next_dagrun for trend_pipeline to None, run_after=None
[2025-12-29T13:36:05.341+0000] {processor.py:208} INFO - Processing /opt/airflow/dags/trend_pipeline.py took 1.430 seconds
[2025-12-29T13:36:35.739+0000] {processor.py:186} INFO - Started process (PID=35) to work on /opt/airflow/dags/trend_pipeline.py
[2025-12-29T13:36:35.741+0000] {processor.py:914} INFO - Processing file /opt/airflow/dags/trend_pipeline.py for tasks to queue
[2025-12-29T13:36:35.747+0000] {logging_mixin.py:190} INFO - [2025-12-29T13:36:35.746+0000] {dagbag.py:588} INFO - Filling up the DagBag from /opt/airflow/dags/trend_pipeline.py
[2025-12-29T13:36:36.546+0000] {processor.py:925} INFO - DAG(s) 'trend_pipeline' retrieved from /opt/airflow/dags/trend_pipeline.py
[2025-12-29T13:36:36.579+0000] {logging_mixin.py:190} INFO - [2025-12-29T13:36:36.579+0000] {dag.py:3239} INFO - Sync 1 DAGs
[2025-12-29T13:36:36.589+0000] {logging_mixin.py:190} INFO - [2025-12-29T13:36:36.589+0000] {dag.py:4180} INFO - Setting next_dagrun for trend_pipeline to None, run_after=None
[2025-12-29T13:36:36.600+0000] {processor.py:208} INFO - Processing /opt/airflow/dags/trend_pipeline.py took 0.885 seconds
[2025-12-29T13:37:06.776+0000] {processor.py:186} INFO - Started process (PID=36) to work on /opt/airflow/dags/trend_pipeline.py
[2025-12-29T13:37:06.779+0000] {processor.py:914} INFO - Processing file /opt/airflow/dags/trend_pipeline.py for tasks to queue
[2025-12-29T13:37:06.785+0000] {logging_mixin.py:190} INFO - [2025-12-29T13:37:06.785+0000] {dagbag.py:588} INFO - Filling up the DagBag from /opt/airflow/dags/trend_pipeline.py
[2025-12-29T13:37:07.525+0000] {processor.py:925} INFO - DAG(s) 'trend_pipeline' retrieved from /opt/airflow/dags/trend_pipeline.py
[2025-12-29T13:37:07.568+0000] {logging_mixin.py:190} INFO - [2025-12-29T13:37:07.568+0000] {dag.py:3239} INFO - Sync 1 DAGs
[2025-12-29T13:37:07.585+0000] {logging_mixin.py:190} INFO - [2025-12-29T13:37:07.585+0000] {dag.py:4180} INFO - Setting next_dagrun for trend_pipeline to None, run_after=None
[2025-12-29T13:37:07.603+0000] {processor.py:208} INFO - Processing /opt/airflow/dags/trend_pipeline.py took 0.850 seconds
[2025-12-29T13:37:38.082+0000] {processor.py:186} INFO - Started process (PID=37) to work on /opt/airflow/dags/trend_pipeline.py
[2025-12-29T13:37:38.086+0000] {processor.py:914} INFO - Processing file /opt/airflow/dags/trend_pipeline.py for tasks to queue
[2025-12-29T13:37:38.103+0000] {logging_mixin.py:190} INFO - [2025-12-29T13:37:38.099+0000] {dagbag.py:588} INFO - Filling up the DagBag from /opt/airflow/dags/trend_pipeline.py
[2025-12-29T13:37:38.799+0000] {processor.py:925} INFO - DAG(s) 'trend_pipeline' retrieved from /opt/airflow/dags/trend_pipeline.py
[2025-12-29T13:37:38.850+0000] {logging_mixin.py:190} INFO - [2025-12-29T13:37:38.849+0000] {dag.py:3239} INFO - Sync 1 DAGs
[2025-12-29T13:37:38.865+0000] {logging_mixin.py:190} INFO - [2025-12-29T13:37:38.865+0000] {dag.py:4180} INFO - Setting next_dagrun for trend_pipeline to None, run_after=None
[2025-12-29T13:37:38.878+0000] {processor.py:208} INFO - Processing /opt/airflow/dags/trend_pipeline.py took 0.833 seconds
[2025-12-29T13:38:09.002+0000] {processor.py:186} INFO - Started process (PID=38) to work on /opt/airflow/dags/trend_pipeline.py
[2025-12-29T13:38:09.004+0000] {processor.py:914} INFO - Processing file /opt/airflow/dags/trend_pipeline.py for tasks to queue
[2025-12-29T13:38:09.017+0000] {logging_mixin.py:190} INFO - [2025-12-29T13:38:09.015+0000] {dagbag.py:588} INFO - Filling up the DagBag from /opt/airflow/dags/trend_pipeline.py
[2025-12-29T13:38:09.532+0000] {processor.py:925} INFO - DAG(s) 'trend_pipeline' retrieved from /opt/airflow/dags/trend_pipeline.py
[2025-12-29T13:38:09.566+0000] {logging_mixin.py:190} INFO - [2025-12-29T13:38:09.565+0000] {dag.py:3239} INFO - Sync 1 DAGs
[2025-12-29T13:38:09.577+0000] {logging_mixin.py:190} INFO - [2025-12-29T13:38:09.577+0000] {dag.py:4180} INFO - Setting next_dagrun for trend_pipeline to None, run_after=None
[2025-12-29T13:38:09.590+0000] {processor.py:208} INFO - Processing /opt/airflow/dags/trend_pipeline.py took 0.603 seconds
[2025-12-29T13:38:39.747+0000] {processor.py:186} INFO - Started process (PID=39) to work on /opt/airflow/dags/trend_pipeline.py
[2025-12-29T13:38:39.751+0000] {processor.py:914} INFO - Processing file /opt/airflow/dags/trend_pipeline.py for tasks to queue
[2025-12-29T13:38:39.758+0000] {logging_mixin.py:190} INFO - [2025-12-29T13:38:39.757+0000] {dagbag.py:588} INFO - Filling up the DagBag from /opt/airflow/dags/trend_pipeline.py
[2025-12-29T13:38:40.317+0000] {processor.py:925} INFO - DAG(s) 'trend_pipeline' retrieved from /opt/airflow/dags/trend_pipeline.py
[2025-12-29T13:38:40.350+0000] {logging_mixin.py:190} INFO - [2025-12-29T13:38:40.349+0000] {dag.py:3239} INFO - Sync 1 DAGs
[2025-12-29T13:38:40.361+0000] {logging_mixin.py:190} INFO - [2025-12-29T13:38:40.361+0000] {dag.py:4180} INFO - Setting next_dagrun for trend_pipeline to None, run_after=None
[2025-12-29T13:38:40.378+0000] {processor.py:208} INFO - Processing /opt/airflow/dags/trend_pipeline.py took 0.646 seconds
[2025-12-29T13:39:10.810+0000] {processor.py:186} INFO - Started process (PID=40) to work on /opt/airflow/dags/trend_pipeline.py
[2025-12-29T13:39:10.812+0000] {processor.py:914} INFO - Processing file /opt/airflow/dags/trend_pipeline.py for tasks to queue
[2025-12-29T13:39:10.819+0000] {logging_mixin.py:190} INFO - [2025-12-29T13:39:10.818+0000] {dagbag.py:588} INFO - Filling up the DagBag from /opt/airflow/dags/trend_pipeline.py
[2025-12-29T13:39:11.337+0000] {processor.py:925} INFO - DAG(s) 'trend_pipeline' retrieved from /opt/airflow/dags/trend_pipeline.py
[2025-12-29T13:39:11.434+0000] {logging_mixin.py:190} INFO - [2025-12-29T13:39:11.433+0000] {dag.py:3239} INFO - Sync 1 DAGs
[2025-12-29T13:39:11.455+0000] {logging_mixin.py:190} INFO - [2025-12-29T13:39:11.455+0000] {dag.py:4180} INFO - Setting next_dagrun for trend_pipeline to None, run_after=None
[2025-12-29T13:39:11.472+0000] {processor.py:208} INFO - Processing /opt/airflow/dags/trend_pipeline.py took 0.681 seconds
[2025-12-29T13:39:41.756+0000] {processor.py:186} INFO - Started process (PID=41) to work on /opt/airflow/dags/trend_pipeline.py
[2025-12-29T13:39:41.758+0000] {processor.py:914} INFO - Processing file /opt/airflow/dags/trend_pipeline.py for tasks to queue
[2025-12-29T13:39:41.768+0000] {logging_mixin.py:190} INFO - [2025-12-29T13:39:41.767+0000] {dagbag.py:588} INFO - Filling up the DagBag from /opt/airflow/dags/trend_pipeline.py
[2025-12-29T13:39:42.321+0000] {processor.py:925} INFO - DAG(s) 'trend_pipeline' retrieved from /opt/airflow/dags/trend_pipeline.py
[2025-12-29T13:39:42.370+0000] {logging_mixin.py:190} INFO - [2025-12-29T13:39:42.370+0000] {dag.py:3239} INFO - Sync 1 DAGs
[2025-12-29T13:39:42.387+0000] {logging_mixin.py:190} INFO - [2025-12-29T13:39:42.387+0000] {dag.py:4180} INFO - Setting next_dagrun for trend_pipeline to None, run_after=None
[2025-12-29T13:39:42.403+0000] {processor.py:208} INFO - Processing /opt/airflow/dags/trend_pipeline.py took 0.662 seconds
[2025-12-29T13:40:12.883+0000] {processor.py:186} INFO - Started process (PID=42) to work on /opt/airflow/dags/trend_pipeline.py
[2025-12-29T13:40:12.886+0000] {processor.py:914} INFO - Processing file /opt/airflow/dags/trend_pipeline.py for tasks to queue
[2025-12-29T13:40:12.896+0000] {logging_mixin.py:190} INFO - [2025-12-29T13:40:12.896+0000] {dagbag.py:588} INFO - Filling up the DagBag from /opt/airflow/dags/trend_pipeline.py
[2025-12-29T13:40:13.420+0000] {processor.py:925} INFO - DAG(s) 'trend_pipeline' retrieved from /opt/airflow/dags/trend_pipeline.py
[2025-12-29T13:40:13.455+0000] {logging_mixin.py:190} INFO - [2025-12-29T13:40:13.453+0000] {dag.py:3239} INFO - Sync 1 DAGs
[2025-12-29T13:40:13.469+0000] {logging_mixin.py:190} INFO - [2025-12-29T13:40:13.469+0000] {dag.py:4180} INFO - Setting next_dagrun for trend_pipeline to None, run_after=None
[2025-12-29T13:40:13.482+0000] {processor.py:208} INFO - Processing /opt/airflow/dags/trend_pipeline.py took 0.614 seconds
[2025-12-29T13:40:43.848+0000] {processor.py:186} INFO - Started process (PID=43) to work on /opt/airflow/dags/trend_pipeline.py
[2025-12-29T13:40:43.850+0000] {processor.py:914} INFO - Processing file /opt/airflow/dags/trend_pipeline.py for tasks to queue
[2025-12-29T13:40:43.856+0000] {logging_mixin.py:190} INFO - [2025-12-29T13:40:43.856+0000] {dagbag.py:588} INFO - Filling up the DagBag from /opt/airflow/dags/trend_pipeline.py
[2025-12-29T13:40:44.350+0000] {processor.py:925} INFO - DAG(s) 'trend_pipeline' retrieved from /opt/airflow/dags/trend_pipeline.py
[2025-12-29T13:40:44.387+0000] {logging_mixin.py:190} INFO - [2025-12-29T13:40:44.386+0000] {dag.py:3239} INFO - Sync 1 DAGs
[2025-12-29T13:40:44.399+0000] {logging_mixin.py:190} INFO - [2025-12-29T13:40:44.398+0000] {dag.py:4180} INFO - Setting next_dagrun for trend_pipeline to None, run_after=None
[2025-12-29T13:40:44.411+0000] {processor.py:208} INFO - Processing /opt/airflow/dags/trend_pipeline.py took 0.585 seconds
[2025-12-29T13:41:14.802+0000] {processor.py:186} INFO - Started process (PID=44) to work on /opt/airflow/dags/trend_pipeline.py
[2025-12-29T13:41:14.804+0000] {processor.py:914} INFO - Processing file /opt/airflow/dags/trend_pipeline.py for tasks to queue
[2025-12-29T13:41:14.812+0000] {logging_mixin.py:190} INFO - [2025-12-29T13:41:14.812+0000] {dagbag.py:588} INFO - Filling up the DagBag from /opt/airflow/dags/trend_pipeline.py
[2025-12-29T13:41:15.287+0000] {processor.py:925} INFO - DAG(s) 'trend_pipeline' retrieved from /opt/airflow/dags/trend_pipeline.py
[2025-12-29T13:41:15.329+0000] {logging_mixin.py:190} INFO - [2025-12-29T13:41:15.329+0000] {dag.py:3239} INFO - Sync 1 DAGs
[2025-12-29T13:41:15.344+0000] {logging_mixin.py:190} INFO - [2025-12-29T13:41:15.344+0000] {dag.py:4180} INFO - Setting next_dagrun for trend_pipeline to None, run_after=None
[2025-12-29T13:41:15.695+0000] {processor.py:208} INFO - Processing /opt/airflow/dags/trend_pipeline.py took 0.907 seconds
[2025-12-29T13:41:46.115+0000] {processor.py:186} INFO - Started process (PID=45) to work on /opt/airflow/dags/trend_pipeline.py
[2025-12-29T13:41:46.118+0000] {processor.py:914} INFO - Processing file /opt/airflow/dags/trend_pipeline.py for tasks to queue
[2025-12-29T13:41:46.125+0000] {logging_mixin.py:190} INFO - [2025-12-29T13:41:46.124+0000] {dagbag.py:588} INFO - Filling up the DagBag from /opt/airflow/dags/trend_pipeline.py
[2025-12-29T13:41:46.608+0000] {processor.py:925} INFO - DAG(s) 'trend_pipeline' retrieved from /opt/airflow/dags/trend_pipeline.py
[2025-12-29T13:41:46.651+0000] {logging_mixin.py:190} INFO - [2025-12-29T13:41:46.650+0000] {dag.py:3239} INFO - Sync 1 DAGs
[2025-12-29T13:41:46.671+0000] {logging_mixin.py:190} INFO - [2025-12-29T13:41:46.670+0000] {dag.py:4180} INFO - Setting next_dagrun for trend_pipeline to None, run_after=None
[2025-12-29T13:41:46.685+0000] {processor.py:208} INFO - Processing /opt/airflow/dags/trend_pipeline.py took 0.594 seconds
[2025-12-29T13:42:17.079+0000] {processor.py:186} INFO - Started process (PID=46) to work on /opt/airflow/dags/trend_pipeline.py
[2025-12-29T13:42:17.081+0000] {processor.py:914} INFO - Processing file /opt/airflow/dags/trend_pipeline.py for tasks to queue
[2025-12-29T13:42:17.088+0000] {logging_mixin.py:190} INFO - [2025-12-29T13:42:17.087+0000] {dagbag.py:588} INFO - Filling up the DagBag from /opt/airflow/dags/trend_pipeline.py
[2025-12-29T13:42:17.600+0000] {processor.py:925} INFO - DAG(s) 'trend_pipeline' retrieved from /opt/airflow/dags/trend_pipeline.py
[2025-12-29T13:42:17.642+0000] {logging_mixin.py:190} INFO - [2025-12-29T13:42:17.642+0000] {dag.py:3239} INFO - Sync 1 DAGs
[2025-12-29T13:42:17.662+0000] {logging_mixin.py:190} INFO - [2025-12-29T13:42:17.662+0000] {dag.py:4180} INFO - Setting next_dagrun for trend_pipeline to None, run_after=None
[2025-12-29T13:42:17.676+0000] {processor.py:208} INFO - Processing /opt/airflow/dags/trend_pipeline.py took 0.624 seconds
[2025-12-29T13:42:48.151+0000] {processor.py:186} INFO - Started process (PID=47) to work on /opt/airflow/dags/trend_pipeline.py
[2025-12-29T13:42:48.154+0000] {processor.py:914} INFO - Processing file /opt/airflow/dags/trend_pipeline.py for tasks to queue
[2025-12-29T13:42:48.162+0000] {logging_mixin.py:190} INFO - [2025-12-29T13:42:48.161+0000] {dagbag.py:588} INFO - Filling up the DagBag from /opt/airflow/dags/trend_pipeline.py
[2025-12-29T13:42:48.645+0000] {processor.py:925} INFO - DAG(s) 'trend_pipeline' retrieved from /opt/airflow/dags/trend_pipeline.py
[2025-12-29T13:42:48.677+0000] {logging_mixin.py:190} INFO - [2025-12-29T13:42:48.677+0000] {dag.py:3239} INFO - Sync 1 DAGs
[2025-12-29T13:42:48.691+0000] {logging_mixin.py:190} INFO - [2025-12-29T13:42:48.691+0000] {dag.py:4180} INFO - Setting next_dagrun for trend_pipeline to None, run_after=None
[2025-12-29T13:42:48.703+0000] {processor.py:208} INFO - Processing /opt/airflow/dags/trend_pipeline.py took 0.567 seconds
[2025-12-29T13:43:19.049+0000] {processor.py:186} INFO - Started process (PID=48) to work on /opt/airflow/dags/trend_pipeline.py
[2025-12-29T13:43:19.051+0000] {processor.py:914} INFO - Processing file /opt/airflow/dags/trend_pipeline.py for tasks to queue
[2025-12-29T13:43:19.056+0000] {logging_mixin.py:190} INFO - [2025-12-29T13:43:19.056+0000] {dagbag.py:588} INFO - Filling up the DagBag from /opt/airflow/dags/trend_pipeline.py
[2025-12-29T13:43:19.491+0000] {processor.py:925} INFO - DAG(s) 'trend_pipeline' retrieved from /opt/airflow/dags/trend_pipeline.py
[2025-12-29T13:43:19.519+0000] {logging_mixin.py:190} INFO - [2025-12-29T13:43:19.518+0000] {dag.py:3239} INFO - Sync 1 DAGs
[2025-12-29T13:43:19.532+0000] {logging_mixin.py:190} INFO - [2025-12-29T13:43:19.532+0000] {dag.py:4180} INFO - Setting next_dagrun for trend_pipeline to None, run_after=None
[2025-12-29T13:43:19.851+0000] {processor.py:208} INFO - Processing /opt/airflow/dags/trend_pipeline.py took 0.814 seconds
[2025-12-29T13:43:50.221+0000] {processor.py:186} INFO - Started process (PID=49) to work on /opt/airflow/dags/trend_pipeline.py
[2025-12-29T13:43:50.224+0000] {processor.py:914} INFO - Processing file /opt/airflow/dags/trend_pipeline.py for tasks to queue
[2025-12-29T13:43:50.235+0000] {logging_mixin.py:190} INFO - [2025-12-29T13:43:50.234+0000] {dagbag.py:588} INFO - Filling up the DagBag from /opt/airflow/dags/trend_pipeline.py
[2025-12-29T13:43:50.707+0000] {processor.py:925} INFO - DAG(s) 'trend_pipeline' retrieved from /opt/airflow/dags/trend_pipeline.py
[2025-12-29T13:43:50.754+0000] {logging_mixin.py:190} INFO - [2025-12-29T13:43:50.752+0000] {dag.py:3239} INFO - Sync 1 DAGs
[2025-12-29T13:43:51.030+0000] {logging_mixin.py:190} INFO - [2025-12-29T13:43:51.030+0000] {dag.py:4180} INFO - Setting next_dagrun for trend_pipeline to None, run_after=None
[2025-12-29T13:43:51.041+0000] {processor.py:208} INFO - Processing /opt/airflow/dags/trend_pipeline.py took 0.843 seconds
[2025-12-29T13:44:21.111+0000] {processor.py:186} INFO - Started process (PID=50) to work on /opt/airflow/dags/trend_pipeline.py
[2025-12-29T13:44:21.112+0000] {processor.py:914} INFO - Processing file /opt/airflow/dags/trend_pipeline.py for tasks to queue
[2025-12-29T13:44:21.114+0000] {logging_mixin.py:190} INFO - [2025-12-29T13:44:21.114+0000] {dagbag.py:588} INFO - Filling up the DagBag from /opt/airflow/dags/trend_pipeline.py
[2025-12-29T13:44:21.451+0000] {processor.py:925} INFO - DAG(s) 'trend_pipeline' retrieved from /opt/airflow/dags/trend_pipeline.py
[2025-12-29T13:44:21.468+0000] {logging_mixin.py:190} INFO - [2025-12-29T13:44:21.468+0000] {dag.py:3239} INFO - Sync 1 DAGs
[2025-12-29T13:44:21.476+0000] {logging_mixin.py:190} INFO - [2025-12-29T13:44:21.476+0000] {dag.py:4180} INFO - Setting next_dagrun for trend_pipeline to None, run_after=None
[2025-12-29T13:44:21.485+0000] {processor.py:208} INFO - Processing /opt/airflow/dags/trend_pipeline.py took 0.380 seconds
[2025-12-29T13:44:51.693+0000] {processor.py:186} INFO - Started process (PID=51) to work on /opt/airflow/dags/trend_pipeline.py
[2025-12-29T13:44:51.694+0000] {processor.py:914} INFO - Processing file /opt/airflow/dags/trend_pipeline.py for tasks to queue
[2025-12-29T13:44:51.696+0000] {logging_mixin.py:190} INFO - [2025-12-29T13:44:51.696+0000] {dagbag.py:588} INFO - Filling up the DagBag from /opt/airflow/dags/trend_pipeline.py
[2025-12-29T13:44:52.034+0000] {processor.py:925} INFO - DAG(s) 'trend_pipeline' retrieved from /opt/airflow/dags/trend_pipeline.py
[2025-12-29T13:44:52.054+0000] {logging_mixin.py:190} INFO - [2025-12-29T13:44:52.054+0000] {dag.py:3239} INFO - Sync 1 DAGs
[2025-12-29T13:44:52.062+0000] {logging_mixin.py:190} INFO - [2025-12-29T13:44:52.062+0000] {dag.py:4180} INFO - Setting next_dagrun for trend_pipeline to None, run_after=None
[2025-12-29T13:44:52.072+0000] {processor.py:208} INFO - Processing /opt/airflow/dags/trend_pipeline.py took 0.386 seconds
[2025-12-29T13:45:22.390+0000] {processor.py:186} INFO - Started process (PID=52) to work on /opt/airflow/dags/trend_pipeline.py
[2025-12-29T13:45:22.391+0000] {processor.py:914} INFO - Processing file /opt/airflow/dags/trend_pipeline.py for tasks to queue
[2025-12-29T13:45:22.396+0000] {logging_mixin.py:190} INFO - [2025-12-29T13:45:22.395+0000] {dagbag.py:588} INFO - Filling up the DagBag from /opt/airflow/dags/trend_pipeline.py
[2025-12-29T13:45:22.919+0000] {processor.py:925} INFO - DAG(s) 'trend_pipeline' retrieved from /opt/airflow/dags/trend_pipeline.py
[2025-12-29T13:45:22.934+0000] {logging_mixin.py:190} INFO - [2025-12-29T13:45:22.934+0000] {dag.py:3239} INFO - Sync 1 DAGs
[2025-12-29T13:45:22.941+0000] {logging_mixin.py:190} INFO - [2025-12-29T13:45:22.941+0000] {dag.py:4180} INFO - Setting next_dagrun for trend_pipeline to None, run_after=None
[2025-12-29T13:45:22.951+0000] {processor.py:208} INFO - Processing /opt/airflow/dags/trend_pipeline.py took 0.572 seconds
[2025-12-29T13:45:53.312+0000] {processor.py:186} INFO - Started process (PID=53) to work on /opt/airflow/dags/trend_pipeline.py
[2025-12-29T13:45:53.314+0000] {processor.py:914} INFO - Processing file /opt/airflow/dags/trend_pipeline.py for tasks to queue
[2025-12-29T13:45:53.319+0000] {logging_mixin.py:190} INFO - [2025-12-29T13:45:53.318+0000] {dagbag.py:588} INFO - Filling up the DagBag from /opt/airflow/dags/trend_pipeline.py
[2025-12-29T13:45:54.058+0000] {processor.py:925} INFO - DAG(s) 'trend_pipeline' retrieved from /opt/airflow/dags/trend_pipeline.py
[2025-12-29T13:45:54.084+0000] {logging_mixin.py:190} INFO - [2025-12-29T13:45:54.083+0000] {dag.py:3239} INFO - Sync 1 DAGs
[2025-12-29T13:45:54.094+0000] {logging_mixin.py:190} INFO - [2025-12-29T13:45:54.094+0000] {dag.py:4180} INFO - Setting next_dagrun for trend_pipeline to None, run_after=None
[2025-12-29T13:45:54.107+0000] {processor.py:208} INFO - Processing /opt/airflow/dags/trend_pipeline.py took 0.804 seconds
[2025-12-29T13:46:24.470+0000] {processor.py:186} INFO - Started process (PID=54) to work on /opt/airflow/dags/trend_pipeline.py
[2025-12-29T13:46:24.473+0000] {processor.py:914} INFO - Processing file /opt/airflow/dags/trend_pipeline.py for tasks to queue
[2025-12-29T13:46:24.486+0000] {logging_mixin.py:190} INFO - [2025-12-29T13:46:24.486+0000] {dagbag.py:588} INFO - Filling up the DagBag from /opt/airflow/dags/trend_pipeline.py
[2025-12-29T13:46:24.974+0000] {processor.py:925} INFO - DAG(s) 'trend_pipeline' retrieved from /opt/airflow/dags/trend_pipeline.py
[2025-12-29T13:46:25.286+0000] {logging_mixin.py:190} INFO - [2025-12-29T13:46:25.285+0000] {dag.py:3239} INFO - Sync 1 DAGs
[2025-12-29T13:46:25.296+0000] {logging_mixin.py:190} INFO - [2025-12-29T13:46:25.296+0000] {dag.py:4180} INFO - Setting next_dagrun for trend_pipeline to None, run_after=None
[2025-12-29T13:46:25.308+0000] {processor.py:208} INFO - Processing /opt/airflow/dags/trend_pipeline.py took 0.856 seconds
[2025-12-29T13:46:55.597+0000] {processor.py:186} INFO - Started process (PID=55) to work on /opt/airflow/dags/trend_pipeline.py
[2025-12-29T13:46:55.598+0000] {processor.py:914} INFO - Processing file /opt/airflow/dags/trend_pipeline.py for tasks to queue
[2025-12-29T13:46:55.600+0000] {logging_mixin.py:190} INFO - [2025-12-29T13:46:55.600+0000] {dagbag.py:588} INFO - Filling up the DagBag from /opt/airflow/dags/trend_pipeline.py
[2025-12-29T13:46:55.937+0000] {processor.py:925} INFO - DAG(s) 'trend_pipeline' retrieved from /opt/airflow/dags/trend_pipeline.py
[2025-12-29T13:46:55.955+0000] {logging_mixin.py:190} INFO - [2025-12-29T13:46:55.954+0000] {dag.py:3239} INFO - Sync 1 DAGs
[2025-12-29T13:46:55.963+0000] {logging_mixin.py:190} INFO - [2025-12-29T13:46:55.963+0000] {dag.py:4180} INFO - Setting next_dagrun for trend_pipeline to None, run_after=None
[2025-12-29T13:46:55.973+0000] {processor.py:208} INFO - Processing /opt/airflow/dags/trend_pipeline.py took 0.380 seconds
[2025-12-29T13:47:26.289+0000] {processor.py:186} INFO - Started process (PID=56) to work on /opt/airflow/dags/trend_pipeline.py
[2025-12-29T13:47:26.290+0000] {processor.py:914} INFO - Processing file /opt/airflow/dags/trend_pipeline.py for tasks to queue
[2025-12-29T13:47:26.295+0000] {logging_mixin.py:190} INFO - [2025-12-29T13:47:26.294+0000] {dagbag.py:588} INFO - Filling up the DagBag from /opt/airflow/dags/trend_pipeline.py
[2025-12-29T13:47:26.834+0000] {processor.py:925} INFO - DAG(s) 'trend_pipeline' retrieved from /opt/airflow/dags/trend_pipeline.py
[2025-12-29T13:47:26.850+0000] {logging_mixin.py:190} INFO - [2025-12-29T13:47:26.850+0000] {dag.py:3239} INFO - Sync 1 DAGs
[2025-12-29T13:47:26.858+0000] {logging_mixin.py:190} INFO - [2025-12-29T13:47:26.858+0000] {dag.py:4180} INFO - Setting next_dagrun for trend_pipeline to None, run_after=None
[2025-12-29T13:47:26.870+0000] {processor.py:208} INFO - Processing /opt/airflow/dags/trend_pipeline.py took 0.590 seconds
[2025-12-29T13:47:57.264+0000] {processor.py:186} INFO - Started process (PID=57) to work on /opt/airflow/dags/trend_pipeline.py
[2025-12-29T13:47:57.266+0000] {processor.py:914} INFO - Processing file /opt/airflow/dags/trend_pipeline.py for tasks to queue
[2025-12-29T13:47:57.271+0000] {logging_mixin.py:190} INFO - [2025-12-29T13:47:57.270+0000] {dagbag.py:588} INFO - Filling up the DagBag from /opt/airflow/dags/trend_pipeline.py
[2025-12-29T13:47:57.915+0000] {processor.py:925} INFO - DAG(s) 'trend_pipeline' retrieved from /opt/airflow/dags/trend_pipeline.py
[2025-12-29T13:47:57.937+0000] {logging_mixin.py:190} INFO - [2025-12-29T13:47:57.937+0000] {dag.py:3239} INFO - Sync 1 DAGs
[2025-12-29T13:47:57.946+0000] {logging_mixin.py:190} INFO - [2025-12-29T13:47:57.946+0000] {dag.py:4180} INFO - Setting next_dagrun for trend_pipeline to None, run_after=None
[2025-12-29T13:47:57.957+0000] {processor.py:208} INFO - Processing /opt/airflow/dags/trend_pipeline.py took 0.709 seconds
[2025-12-29T13:48:28.328+0000] {processor.py:186} INFO - Started process (PID=58) to work on /opt/airflow/dags/trend_pipeline.py
[2025-12-29T13:48:28.330+0000] {processor.py:914} INFO - Processing file /opt/airflow/dags/trend_pipeline.py for tasks to queue
[2025-12-29T13:48:28.336+0000] {logging_mixin.py:190} INFO - [2025-12-29T13:48:28.335+0000] {dagbag.py:588} INFO - Filling up the DagBag from /opt/airflow/dags/trend_pipeline.py
[2025-12-29T13:48:28.904+0000] {processor.py:925} INFO - DAG(s) 'trend_pipeline' retrieved from /opt/airflow/dags/trend_pipeline.py
[2025-12-29T13:48:28.922+0000] {logging_mixin.py:190} INFO - [2025-12-29T13:48:28.921+0000] {dag.py:3239} INFO - Sync 1 DAGs
[2025-12-29T13:48:28.929+0000] {logging_mixin.py:190} INFO - [2025-12-29T13:48:28.929+0000] {dag.py:4180} INFO - Setting next_dagrun for trend_pipeline to None, run_after=None
[2025-12-29T13:48:28.938+0000] {processor.py:208} INFO - Processing /opt/airflow/dags/trend_pipeline.py took 0.627 seconds
[2025-12-29T13:48:59.341+0000] {processor.py:186} INFO - Started process (PID=59) to work on /opt/airflow/dags/trend_pipeline.py
[2025-12-29T13:48:59.343+0000] {processor.py:914} INFO - Processing file /opt/airflow/dags/trend_pipeline.py for tasks to queue
[2025-12-29T13:48:59.352+0000] {logging_mixin.py:190} INFO - [2025-12-29T13:48:59.351+0000] {dagbag.py:588} INFO - Filling up the DagBag from /opt/airflow/dags/trend_pipeline.py
[2025-12-29T13:49:00.070+0000] {processor.py:925} INFO - DAG(s) 'trend_pipeline' retrieved from /opt/airflow/dags/trend_pipeline.py
[2025-12-29T13:49:00.093+0000] {logging_mixin.py:190} INFO - [2025-12-29T13:49:00.092+0000] {dag.py:3239} INFO - Sync 1 DAGs
[2025-12-29T13:49:00.101+0000] {logging_mixin.py:190} INFO - [2025-12-29T13:49:00.100+0000] {dag.py:4180} INFO - Setting next_dagrun for trend_pipeline to None, run_after=None
[2025-12-29T13:49:00.111+0000] {processor.py:208} INFO - Processing /opt/airflow/dags/trend_pipeline.py took 0.786 seconds
[2025-12-29T13:49:30.228+0000] {processor.py:186} INFO - Started process (PID=60) to work on /opt/airflow/dags/trend_pipeline.py
[2025-12-29T13:49:30.230+0000] {processor.py:914} INFO - Processing file /opt/airflow/dags/trend_pipeline.py for tasks to queue
[2025-12-29T13:49:30.234+0000] {logging_mixin.py:190} INFO - [2025-12-29T13:49:30.233+0000] {dagbag.py:588} INFO - Filling up the DagBag from /opt/airflow/dags/trend_pipeline.py
[2025-12-29T13:49:30.843+0000] {processor.py:925} INFO - DAG(s) 'trend_pipeline' retrieved from /opt/airflow/dags/trend_pipeline.py
[2025-12-29T13:49:30.862+0000] {logging_mixin.py:190} INFO - [2025-12-29T13:49:30.862+0000] {dag.py:3239} INFO - Sync 1 DAGs
[2025-12-29T13:49:30.870+0000] {logging_mixin.py:190} INFO - [2025-12-29T13:49:30.870+0000] {dag.py:4180} INFO - Setting next_dagrun for trend_pipeline to None, run_after=None
[2025-12-29T13:49:30.880+0000] {processor.py:208} INFO - Processing /opt/airflow/dags/trend_pipeline.py took 0.663 seconds
[2025-12-29T13:50:01.198+0000] {processor.py:186} INFO - Started process (PID=61) to work on /opt/airflow/dags/trend_pipeline.py
[2025-12-29T13:50:01.198+0000] {processor.py:914} INFO - Processing file /opt/airflow/dags/trend_pipeline.py for tasks to queue
[2025-12-29T13:50:01.201+0000] {logging_mixin.py:190} INFO - [2025-12-29T13:50:01.201+0000] {dagbag.py:588} INFO - Filling up the DagBag from /opt/airflow/dags/trend_pipeline.py
[2025-12-29T13:50:01.672+0000] {processor.py:925} INFO - DAG(s) 'trend_pipeline' retrieved from /opt/airflow/dags/trend_pipeline.py
[2025-12-29T13:50:01.687+0000] {logging_mixin.py:190} INFO - [2025-12-29T13:50:01.687+0000] {dag.py:3239} INFO - Sync 1 DAGs
[2025-12-29T13:50:01.695+0000] {logging_mixin.py:190} INFO - [2025-12-29T13:50:01.695+0000] {dag.py:4180} INFO - Setting next_dagrun for trend_pipeline to None, run_after=None
[2025-12-29T13:50:01.704+0000] {processor.py:208} INFO - Processing /opt/airflow/dags/trend_pipeline.py took 0.513 seconds
[2025-12-29T13:50:31.955+0000] {processor.py:186} INFO - Started process (PID=62) to work on /opt/airflow/dags/trend_pipeline.py
[2025-12-29T13:50:31.956+0000] {processor.py:914} INFO - Processing file /opt/airflow/dags/trend_pipeline.py for tasks to queue
[2025-12-29T13:50:31.958+0000] {logging_mixin.py:190} INFO - [2025-12-29T13:50:31.958+0000] {dagbag.py:588} INFO - Filling up the DagBag from /opt/airflow/dags/trend_pipeline.py
[2025-12-29T13:50:32.398+0000] {processor.py:925} INFO - DAG(s) 'trend_pipeline' retrieved from /opt/airflow/dags/trend_pipeline.py
[2025-12-29T13:50:32.414+0000] {logging_mixin.py:190} INFO - [2025-12-29T13:50:32.414+0000] {dag.py:3239} INFO - Sync 1 DAGs
[2025-12-29T13:50:32.421+0000] {logging_mixin.py:190} INFO - [2025-12-29T13:50:32.421+0000] {dag.py:4180} INFO - Setting next_dagrun for trend_pipeline to None, run_after=None
[2025-12-29T13:50:32.430+0000] {processor.py:208} INFO - Processing /opt/airflow/dags/trend_pipeline.py took 0.481 seconds
[2025-12-29T13:51:02.738+0000] {processor.py:186} INFO - Started process (PID=63) to work on /opt/airflow/dags/trend_pipeline.py
[2025-12-29T13:51:02.738+0000] {processor.py:914} INFO - Processing file /opt/airflow/dags/trend_pipeline.py for tasks to queue
[2025-12-29T13:51:02.741+0000] {logging_mixin.py:190} INFO - [2025-12-29T13:51:02.741+0000] {dagbag.py:588} INFO - Filling up the DagBag from /opt/airflow/dags/trend_pipeline.py
[2025-12-29T13:51:03.181+0000] {processor.py:925} INFO - DAG(s) 'trend_pipeline' retrieved from /opt/airflow/dags/trend_pipeline.py
[2025-12-29T13:51:03.196+0000] {logging_mixin.py:190} INFO - [2025-12-29T13:51:03.196+0000] {dag.py:3239} INFO - Sync 1 DAGs
[2025-12-29T13:51:03.203+0000] {logging_mixin.py:190} INFO - [2025-12-29T13:51:03.203+0000] {dag.py:4180} INFO - Setting next_dagrun for trend_pipeline to None, run_after=None
[2025-12-29T13:51:03.213+0000] {processor.py:208} INFO - Processing /opt/airflow/dags/trend_pipeline.py took 0.482 seconds
[2025-12-29T13:51:33.530+0000] {processor.py:186} INFO - Started process (PID=64) to work on /opt/airflow/dags/trend_pipeline.py
[2025-12-29T13:51:33.531+0000] {processor.py:914} INFO - Processing file /opt/airflow/dags/trend_pipeline.py for tasks to queue
[2025-12-29T13:51:33.534+0000] {logging_mixin.py:190} INFO - [2025-12-29T13:51:33.533+0000] {dagbag.py:588} INFO - Filling up the DagBag from /opt/airflow/dags/trend_pipeline.py
[2025-12-29T13:51:33.970+0000] {processor.py:925} INFO - DAG(s) 'trend_pipeline' retrieved from /opt/airflow/dags/trend_pipeline.py
[2025-12-29T13:51:33.985+0000] {logging_mixin.py:190} INFO - [2025-12-29T13:51:33.985+0000] {dag.py:3239} INFO - Sync 1 DAGs
[2025-12-29T13:51:33.993+0000] {logging_mixin.py:190} INFO - [2025-12-29T13:51:33.993+0000] {dag.py:4180} INFO - Setting next_dagrun for trend_pipeline to None, run_after=None
[2025-12-29T13:51:34.002+0000] {processor.py:208} INFO - Processing /opt/airflow/dags/trend_pipeline.py took 0.478 seconds
[2025-12-29T13:52:04.326+0000] {processor.py:186} INFO - Started process (PID=65) to work on /opt/airflow/dags/trend_pipeline.py
[2025-12-29T13:52:04.327+0000] {processor.py:914} INFO - Processing file /opt/airflow/dags/trend_pipeline.py for tasks to queue
[2025-12-29T13:52:04.329+0000] {logging_mixin.py:190} INFO - [2025-12-29T13:52:04.329+0000] {dagbag.py:588} INFO - Filling up the DagBag from /opt/airflow/dags/trend_pipeline.py
[2025-12-29T13:52:04.761+0000] {processor.py:925} INFO - DAG(s) 'trend_pipeline' retrieved from /opt/airflow/dags/trend_pipeline.py
[2025-12-29T13:52:04.776+0000] {logging_mixin.py:190} INFO - [2025-12-29T13:52:04.775+0000] {dag.py:3239} INFO - Sync 1 DAGs
[2025-12-29T13:52:04.783+0000] {logging_mixin.py:190} INFO - [2025-12-29T13:52:04.783+0000] {dag.py:4180} INFO - Setting next_dagrun for trend_pipeline to None, run_after=None
[2025-12-29T13:52:04.793+0000] {processor.py:208} INFO - Processing /opt/airflow/dags/trend_pipeline.py took 0.474 seconds
[2025-12-29T13:52:35.091+0000] {processor.py:186} INFO - Started process (PID=66) to work on /opt/airflow/dags/trend_pipeline.py
[2025-12-29T13:52:35.091+0000] {processor.py:914} INFO - Processing file /opt/airflow/dags/trend_pipeline.py for tasks to queue
[2025-12-29T13:52:35.094+0000] {logging_mixin.py:190} INFO - [2025-12-29T13:52:35.093+0000] {dagbag.py:588} INFO - Filling up the DagBag from /opt/airflow/dags/trend_pipeline.py
[2025-12-29T13:52:35.523+0000] {processor.py:925} INFO - DAG(s) 'trend_pipeline' retrieved from /opt/airflow/dags/trend_pipeline.py
[2025-12-29T13:52:35.538+0000] {logging_mixin.py:190} INFO - [2025-12-29T13:52:35.538+0000] {dag.py:3239} INFO - Sync 1 DAGs
[2025-12-29T13:52:35.545+0000] {logging_mixin.py:190} INFO - [2025-12-29T13:52:35.545+0000] {dag.py:4180} INFO - Setting next_dagrun for trend_pipeline to None, run_after=None
[2025-12-29T13:52:35.554+0000] {processor.py:208} INFO - Processing /opt/airflow/dags/trend_pipeline.py took 0.470 seconds
[2025-12-29T13:53:05.872+0000] {processor.py:186} INFO - Started process (PID=67) to work on /opt/airflow/dags/trend_pipeline.py
[2025-12-29T13:53:05.873+0000] {processor.py:914} INFO - Processing file /opt/airflow/dags/trend_pipeline.py for tasks to queue
[2025-12-29T13:53:05.875+0000] {logging_mixin.py:190} INFO - [2025-12-29T13:53:05.875+0000] {dagbag.py:588} INFO - Filling up the DagBag from /opt/airflow/dags/trend_pipeline.py
[2025-12-29T13:53:06.309+0000] {processor.py:925} INFO - DAG(s) 'trend_pipeline' retrieved from /opt/airflow/dags/trend_pipeline.py
[2025-12-29T13:53:06.324+0000] {logging_mixin.py:190} INFO - [2025-12-29T13:53:06.324+0000] {dag.py:3239} INFO - Sync 1 DAGs
[2025-12-29T13:53:06.331+0000] {logging_mixin.py:190} INFO - [2025-12-29T13:53:06.331+0000] {dag.py:4180} INFO - Setting next_dagrun for trend_pipeline to None, run_after=None
[2025-12-29T13:53:06.340+0000] {processor.py:208} INFO - Processing /opt/airflow/dags/trend_pipeline.py took 0.475 seconds
[2025-12-29T13:53:36.660+0000] {processor.py:186} INFO - Started process (PID=68) to work on /opt/airflow/dags/trend_pipeline.py
[2025-12-29T13:53:36.662+0000] {processor.py:914} INFO - Processing file /opt/airflow/dags/trend_pipeline.py for tasks to queue
[2025-12-29T13:53:36.664+0000] {logging_mixin.py:190} INFO - [2025-12-29T13:53:36.664+0000] {dagbag.py:588} INFO - Filling up the DagBag from /opt/airflow/dags/trend_pipeline.py
[2025-12-29T13:53:37.093+0000] {processor.py:925} INFO - DAG(s) 'trend_pipeline' retrieved from /opt/airflow/dags/trend_pipeline.py
[2025-12-29T13:53:37.108+0000] {logging_mixin.py:190} INFO - [2025-12-29T13:53:37.108+0000] {dag.py:3239} INFO - Sync 1 DAGs
[2025-12-29T13:53:37.115+0000] {logging_mixin.py:190} INFO - [2025-12-29T13:53:37.115+0000] {dag.py:4180} INFO - Setting next_dagrun for trend_pipeline to None, run_after=None
[2025-12-29T13:53:37.125+0000] {processor.py:208} INFO - Processing /opt/airflow/dags/trend_pipeline.py took 0.472 seconds
[2025-12-29T13:54:07.410+0000] {processor.py:186} INFO - Started process (PID=69) to work on /opt/airflow/dags/trend_pipeline.py
[2025-12-29T13:54:07.411+0000] {processor.py:914} INFO - Processing file /opt/airflow/dags/trend_pipeline.py for tasks to queue
[2025-12-29T13:54:07.414+0000] {logging_mixin.py:190} INFO - [2025-12-29T13:54:07.413+0000] {dagbag.py:588} INFO - Filling up the DagBag from /opt/airflow/dags/trend_pipeline.py
[2025-12-29T13:54:07.851+0000] {processor.py:925} INFO - DAG(s) 'trend_pipeline' retrieved from /opt/airflow/dags/trend_pipeline.py
[2025-12-29T13:54:07.866+0000] {logging_mixin.py:190} INFO - [2025-12-29T13:54:07.866+0000] {dag.py:3239} INFO - Sync 1 DAGs
[2025-12-29T13:54:07.874+0000] {logging_mixin.py:190} INFO - [2025-12-29T13:54:07.874+0000] {dag.py:4180} INFO - Setting next_dagrun for trend_pipeline to None, run_after=None
[2025-12-29T13:54:07.884+0000] {processor.py:208} INFO - Processing /opt/airflow/dags/trend_pipeline.py took 0.480 seconds
[2025-12-29T13:54:38.301+0000] {processor.py:186} INFO - Started process (PID=70) to work on /opt/airflow/dags/trend_pipeline.py
[2025-12-29T13:54:38.303+0000] {processor.py:914} INFO - Processing file /opt/airflow/dags/trend_pipeline.py for tasks to queue
[2025-12-29T13:54:38.306+0000] {logging_mixin.py:190} INFO - [2025-12-29T13:54:38.306+0000] {dagbag.py:588} INFO - Filling up the DagBag from /opt/airflow/dags/trend_pipeline.py
[2025-12-29T13:54:38.799+0000] {processor.py:925} INFO - DAG(s) 'trend_pipeline' retrieved from /opt/airflow/dags/trend_pipeline.py
[2025-12-29T13:54:38.815+0000] {logging_mixin.py:190} INFO - [2025-12-29T13:54:38.815+0000] {dag.py:3239} INFO - Sync 1 DAGs
[2025-12-29T13:54:38.822+0000] {logging_mixin.py:190} INFO - [2025-12-29T13:54:38.822+0000] {dag.py:4180} INFO - Setting next_dagrun for trend_pipeline to None, run_after=None
[2025-12-29T13:54:38.832+0000] {processor.py:208} INFO - Processing /opt/airflow/dags/trend_pipeline.py took 0.540 seconds
[2025-12-29T13:55:09.130+0000] {processor.py:186} INFO - Started process (PID=71) to work on /opt/airflow/dags/trend_pipeline.py
[2025-12-29T13:55:09.132+0000] {processor.py:914} INFO - Processing file /opt/airflow/dags/trend_pipeline.py for tasks to queue
[2025-12-29T13:55:09.136+0000] {logging_mixin.py:190} INFO - [2025-12-29T13:55:09.135+0000] {dagbag.py:588} INFO - Filling up the DagBag from /opt/airflow/dags/trend_pipeline.py
[2025-12-29T13:55:09.618+0000] {processor.py:925} INFO - DAG(s) 'trend_pipeline' retrieved from /opt/airflow/dags/trend_pipeline.py
[2025-12-29T13:55:09.633+0000] {logging_mixin.py:190} INFO - [2025-12-29T13:55:09.633+0000] {dag.py:3239} INFO - Sync 1 DAGs
[2025-12-29T13:55:09.640+0000] {logging_mixin.py:190} INFO - [2025-12-29T13:55:09.640+0000] {dag.py:4180} INFO - Setting next_dagrun for trend_pipeline to None, run_after=None
[2025-12-29T13:55:09.649+0000] {processor.py:208} INFO - Processing /opt/airflow/dags/trend_pipeline.py took 0.528 seconds
[2025-12-29T13:55:40.025+0000] {processor.py:186} INFO - Started process (PID=72) to work on /opt/airflow/dags/trend_pipeline.py
[2025-12-29T13:55:40.026+0000] {processor.py:914} INFO - Processing file /opt/airflow/dags/trend_pipeline.py for tasks to queue
[2025-12-29T13:55:40.028+0000] {logging_mixin.py:190} INFO - [2025-12-29T13:55:40.028+0000] {dagbag.py:588} INFO - Filling up the DagBag from /opt/airflow/dags/trend_pipeline.py
[2025-12-29T13:55:40.530+0000] {processor.py:925} INFO - DAG(s) 'trend_pipeline' retrieved from /opt/airflow/dags/trend_pipeline.py
[2025-12-29T13:55:40.549+0000] {logging_mixin.py:190} INFO - [2025-12-29T13:55:40.548+0000] {dag.py:3239} INFO - Sync 1 DAGs
[2025-12-29T13:55:40.556+0000] {logging_mixin.py:190} INFO - [2025-12-29T13:55:40.556+0000] {dag.py:4180} INFO - Setting next_dagrun for trend_pipeline to None, run_after=None
[2025-12-29T13:55:40.566+0000] {processor.py:208} INFO - Processing /opt/airflow/dags/trend_pipeline.py took 0.549 seconds
[2025-12-29T13:56:10.968+0000] {processor.py:186} INFO - Started process (PID=73) to work on /opt/airflow/dags/trend_pipeline.py
[2025-12-29T13:56:10.969+0000] {processor.py:914} INFO - Processing file /opt/airflow/dags/trend_pipeline.py for tasks to queue
[2025-12-29T13:56:10.971+0000] {logging_mixin.py:190} INFO - [2025-12-29T13:56:10.971+0000] {dagbag.py:588} INFO - Filling up the DagBag from /opt/airflow/dags/trend_pipeline.py
[2025-12-29T13:56:11.425+0000] {processor.py:925} INFO - DAG(s) 'trend_pipeline' retrieved from /opt/airflow/dags/trend_pipeline.py
[2025-12-29T13:56:11.440+0000] {logging_mixin.py:190} INFO - [2025-12-29T13:56:11.439+0000] {dag.py:3239} INFO - Sync 1 DAGs
[2025-12-29T13:56:11.447+0000] {logging_mixin.py:190} INFO - [2025-12-29T13:56:11.447+0000] {dag.py:4180} INFO - Setting next_dagrun for trend_pipeline to None, run_after=None
[2025-12-29T13:56:11.456+0000] {processor.py:208} INFO - Processing /opt/airflow/dags/trend_pipeline.py took 0.495 seconds
[2025-12-29T13:56:41.741+0000] {processor.py:186} INFO - Started process (PID=74) to work on /opt/airflow/dags/trend_pipeline.py
[2025-12-29T13:56:41.742+0000] {processor.py:914} INFO - Processing file /opt/airflow/dags/trend_pipeline.py for tasks to queue
[2025-12-29T13:56:41.745+0000] {logging_mixin.py:190} INFO - [2025-12-29T13:56:41.744+0000] {dagbag.py:588} INFO - Filling up the DagBag from /opt/airflow/dags/trend_pipeline.py
[2025-12-29T13:56:42.175+0000] {processor.py:925} INFO - DAG(s) 'trend_pipeline' retrieved from /opt/airflow/dags/trend_pipeline.py
[2025-12-29T13:56:42.190+0000] {logging_mixin.py:190} INFO - [2025-12-29T13:56:42.190+0000] {dag.py:3239} INFO - Sync 1 DAGs
[2025-12-29T13:56:42.197+0000] {logging_mixin.py:190} INFO - [2025-12-29T13:56:42.197+0000] {dag.py:4180} INFO - Setting next_dagrun for trend_pipeline to None, run_after=None
[2025-12-29T13:56:42.207+0000] {processor.py:208} INFO - Processing /opt/airflow/dags/trend_pipeline.py took 0.471 seconds
[2025-12-29T13:57:12.595+0000] {processor.py:186} INFO - Started process (PID=75) to work on /opt/airflow/dags/trend_pipeline.py
[2025-12-29T13:57:12.595+0000] {processor.py:914} INFO - Processing file /opt/airflow/dags/trend_pipeline.py for tasks to queue
[2025-12-29T13:57:12.598+0000] {logging_mixin.py:190} INFO - [2025-12-29T13:57:12.597+0000] {dagbag.py:588} INFO - Filling up the DagBag from /opt/airflow/dags/trend_pipeline.py
[2025-12-29T13:57:13.042+0000] {processor.py:925} INFO - DAG(s) 'trend_pipeline' retrieved from /opt/airflow/dags/trend_pipeline.py
[2025-12-29T13:57:13.061+0000] {logging_mixin.py:190} INFO - [2025-12-29T13:57:13.061+0000] {dag.py:3239} INFO - Sync 1 DAGs
[2025-12-29T13:57:13.070+0000] {logging_mixin.py:190} INFO - [2025-12-29T13:57:13.070+0000] {dag.py:4180} INFO - Setting next_dagrun for trend_pipeline to None, run_after=None
[2025-12-29T13:57:13.080+0000] {processor.py:208} INFO - Processing /opt/airflow/dags/trend_pipeline.py took 0.491 seconds
[2025-12-29T13:57:43.394+0000] {processor.py:186} INFO - Started process (PID=76) to work on /opt/airflow/dags/trend_pipeline.py
[2025-12-29T13:57:43.394+0000] {processor.py:914} INFO - Processing file /opt/airflow/dags/trend_pipeline.py for tasks to queue
[2025-12-29T13:57:43.397+0000] {logging_mixin.py:190} INFO - [2025-12-29T13:57:43.397+0000] {dagbag.py:588} INFO - Filling up the DagBag from /opt/airflow/dags/trend_pipeline.py
[2025-12-29T13:57:43.825+0000] {processor.py:925} INFO - DAG(s) 'trend_pipeline' retrieved from /opt/airflow/dags/trend_pipeline.py
[2025-12-29T13:57:43.840+0000] {logging_mixin.py:190} INFO - [2025-12-29T13:57:43.840+0000] {dag.py:3239} INFO - Sync 1 DAGs
[2025-12-29T13:57:43.847+0000] {logging_mixin.py:190} INFO - [2025-12-29T13:57:43.847+0000] {dag.py:4180} INFO - Setting next_dagrun for trend_pipeline to None, run_after=None
[2025-12-29T13:57:43.858+0000] {processor.py:208} INFO - Processing /opt/airflow/dags/trend_pipeline.py took 0.470 seconds
[2025-12-29T13:58:14.200+0000] {processor.py:186} INFO - Started process (PID=77) to work on /opt/airflow/dags/trend_pipeline.py
[2025-12-29T13:58:14.201+0000] {processor.py:914} INFO - Processing file /opt/airflow/dags/trend_pipeline.py for tasks to queue
[2025-12-29T13:58:14.204+0000] {logging_mixin.py:190} INFO - [2025-12-29T13:58:14.203+0000] {dagbag.py:588} INFO - Filling up the DagBag from /opt/airflow/dags/trend_pipeline.py
[2025-12-29T13:58:14.637+0000] {processor.py:925} INFO - DAG(s) 'trend_pipeline' retrieved from /opt/airflow/dags/trend_pipeline.py
[2025-12-29T13:58:14.652+0000] {logging_mixin.py:190} INFO - [2025-12-29T13:58:14.652+0000] {dag.py:3239} INFO - Sync 1 DAGs
[2025-12-29T13:58:14.660+0000] {logging_mixin.py:190} INFO - [2025-12-29T13:58:14.660+0000] {dag.py:4180} INFO - Setting next_dagrun for trend_pipeline to None, run_after=None
[2025-12-29T13:58:14.670+0000] {processor.py:208} INFO - Processing /opt/airflow/dags/trend_pipeline.py took 0.475 seconds
[2025-12-29T13:58:45.015+0000] {processor.py:186} INFO - Started process (PID=78) to work on /opt/airflow/dags/trend_pipeline.py
[2025-12-29T13:58:45.016+0000] {processor.py:914} INFO - Processing file /opt/airflow/dags/trend_pipeline.py for tasks to queue
[2025-12-29T13:58:45.018+0000] {logging_mixin.py:190} INFO - [2025-12-29T13:58:45.018+0000] {dagbag.py:588} INFO - Filling up the DagBag from /opt/airflow/dags/trend_pipeline.py
[2025-12-29T13:58:45.446+0000] {processor.py:925} INFO - DAG(s) 'trend_pipeline' retrieved from /opt/airflow/dags/trend_pipeline.py
[2025-12-29T13:58:45.462+0000] {logging_mixin.py:190} INFO - [2025-12-29T13:58:45.461+0000] {dag.py:3239} INFO - Sync 1 DAGs
[2025-12-29T13:58:45.469+0000] {logging_mixin.py:190} INFO - [2025-12-29T13:58:45.469+0000] {dag.py:4180} INFO - Setting next_dagrun for trend_pipeline to None, run_after=None
[2025-12-29T13:58:45.478+0000] {processor.py:208} INFO - Processing /opt/airflow/dags/trend_pipeline.py took 0.470 seconds
[2025-12-29T13:59:15.844+0000] {processor.py:186} INFO - Started process (PID=79) to work on /opt/airflow/dags/trend_pipeline.py
[2025-12-29T13:59:15.844+0000] {processor.py:914} INFO - Processing file /opt/airflow/dags/trend_pipeline.py for tasks to queue
[2025-12-29T13:59:15.847+0000] {logging_mixin.py:190} INFO - [2025-12-29T13:59:15.846+0000] {dagbag.py:588} INFO - Filling up the DagBag from /opt/airflow/dags/trend_pipeline.py
[2025-12-29T13:59:16.273+0000] {processor.py:925} INFO - DAG(s) 'trend_pipeline' retrieved from /opt/airflow/dags/trend_pipeline.py
[2025-12-29T13:59:16.288+0000] {logging_mixin.py:190} INFO - [2025-12-29T13:59:16.288+0000] {dag.py:3239} INFO - Sync 1 DAGs
[2025-12-29T13:59:16.295+0000] {logging_mixin.py:190} INFO - [2025-12-29T13:59:16.295+0000] {dag.py:4180} INFO - Setting next_dagrun for trend_pipeline to None, run_after=None
[2025-12-29T13:59:16.304+0000] {processor.py:208} INFO - Processing /opt/airflow/dags/trend_pipeline.py took 0.467 seconds
[2025-12-29T13:59:46.688+0000] {processor.py:186} INFO - Started process (PID=80) to work on /opt/airflow/dags/trend_pipeline.py
[2025-12-29T13:59:46.690+0000] {processor.py:914} INFO - Processing file /opt/airflow/dags/trend_pipeline.py for tasks to queue
[2025-12-29T13:59:46.695+0000] {logging_mixin.py:190} INFO - [2025-12-29T13:59:46.695+0000] {dagbag.py:588} INFO - Filling up the DagBag from /opt/airflow/dags/trend_pipeline.py
[2025-12-29T13:59:47.233+0000] {processor.py:925} INFO - DAG(s) 'trend_pipeline' retrieved from /opt/airflow/dags/trend_pipeline.py
[2025-12-29T13:59:47.250+0000] {logging_mixin.py:190} INFO - [2025-12-29T13:59:47.250+0000] {dag.py:3239} INFO - Sync 1 DAGs
[2025-12-29T13:59:47.258+0000] {logging_mixin.py:190} INFO - [2025-12-29T13:59:47.258+0000] {dag.py:4180} INFO - Setting next_dagrun for trend_pipeline to None, run_after=None
[2025-12-29T13:59:47.268+0000] {processor.py:208} INFO - Processing /opt/airflow/dags/trend_pipeline.py took 0.593 seconds
[2025-12-29T14:00:17.511+0000] {processor.py:186} INFO - Started process (PID=81) to work on /opt/airflow/dags/trend_pipeline.py
[2025-12-29T14:00:17.512+0000] {processor.py:914} INFO - Processing file /opt/airflow/dags/trend_pipeline.py for tasks to queue
[2025-12-29T14:00:17.515+0000] {logging_mixin.py:190} INFO - [2025-12-29T14:00:17.515+0000] {dagbag.py:588} INFO - Filling up the DagBag from /opt/airflow/dags/trend_pipeline.py
[2025-12-29T14:00:18.050+0000] {processor.py:925} INFO - DAG(s) 'trend_pipeline' retrieved from /opt/airflow/dags/trend_pipeline.py
[2025-12-29T14:00:18.069+0000] {logging_mixin.py:190} INFO - [2025-12-29T14:00:18.068+0000] {dag.py:3239} INFO - Sync 1 DAGs
[2025-12-29T14:00:18.078+0000] {logging_mixin.py:190} INFO - [2025-12-29T14:00:18.078+0000] {dag.py:4180} INFO - Setting next_dagrun for trend_pipeline to None, run_after=None
[2025-12-29T14:00:18.087+0000] {processor.py:208} INFO - Processing /opt/airflow/dags/trend_pipeline.py took 0.583 seconds
[2025-12-29T14:00:48.562+0000] {processor.py:186} INFO - Started process (PID=82) to work on /opt/airflow/dags/trend_pipeline.py
[2025-12-29T14:00:48.564+0000] {processor.py:914} INFO - Processing file /opt/airflow/dags/trend_pipeline.py for tasks to queue
[2025-12-29T14:00:48.571+0000] {logging_mixin.py:190} INFO - [2025-12-29T14:00:48.570+0000] {dagbag.py:588} INFO - Filling up the DagBag from /opt/airflow/dags/trend_pipeline.py
[2025-12-29T14:00:49.353+0000] {processor.py:925} INFO - DAG(s) 'trend_pipeline' retrieved from /opt/airflow/dags/trend_pipeline.py
[2025-12-29T14:00:49.381+0000] {logging_mixin.py:190} INFO - [2025-12-29T14:00:49.381+0000] {dag.py:3239} INFO - Sync 1 DAGs
[2025-12-29T14:00:49.390+0000] {logging_mixin.py:190} INFO - [2025-12-29T14:00:49.390+0000] {dag.py:4180} INFO - Setting next_dagrun for trend_pipeline to None, run_after=None
[2025-12-29T14:00:49.401+0000] {processor.py:208} INFO - Processing /opt/airflow/dags/trend_pipeline.py took 0.857 seconds
[2025-12-29T14:01:19.771+0000] {processor.py:186} INFO - Started process (PID=83) to work on /opt/airflow/dags/trend_pipeline.py
[2025-12-29T14:01:19.772+0000] {processor.py:914} INFO - Processing file /opt/airflow/dags/trend_pipeline.py for tasks to queue
[2025-12-29T14:01:19.774+0000] {logging_mixin.py:190} INFO - [2025-12-29T14:01:19.774+0000] {dagbag.py:588} INFO - Filling up the DagBag from /opt/airflow/dags/trend_pipeline.py
[2025-12-29T14:01:20.217+0000] {processor.py:925} INFO - DAG(s) 'trend_pipeline' retrieved from /opt/airflow/dags/trend_pipeline.py
[2025-12-29T14:01:20.232+0000] {logging_mixin.py:190} INFO - [2025-12-29T14:01:20.232+0000] {dag.py:3239} INFO - Sync 1 DAGs
[2025-12-29T14:01:20.240+0000] {logging_mixin.py:190} INFO - [2025-12-29T14:01:20.240+0000] {dag.py:4180} INFO - Setting next_dagrun for trend_pipeline to None, run_after=None
[2025-12-29T14:01:20.249+0000] {processor.py:208} INFO - Processing /opt/airflow/dags/trend_pipeline.py took 0.485 seconds
[2025-12-29T14:01:50.435+0000] {processor.py:186} INFO - Started process (PID=84) to work on /opt/airflow/dags/trend_pipeline.py
[2025-12-29T14:01:50.436+0000] {processor.py:914} INFO - Processing file /opt/airflow/dags/trend_pipeline.py for tasks to queue
[2025-12-29T14:01:50.440+0000] {logging_mixin.py:190} INFO - [2025-12-29T14:01:50.440+0000] {dagbag.py:588} INFO - Filling up the DagBag from /opt/airflow/dags/trend_pipeline.py
[2025-12-29T14:01:50.883+0000] {processor.py:925} INFO - DAG(s) 'trend_pipeline' retrieved from /opt/airflow/dags/trend_pipeline.py
[2025-12-29T14:01:50.899+0000] {logging_mixin.py:190} INFO - [2025-12-29T14:01:50.898+0000] {dag.py:3239} INFO - Sync 1 DAGs
[2025-12-29T14:01:50.906+0000] {logging_mixin.py:190} INFO - [2025-12-29T14:01:50.906+0000] {dag.py:4180} INFO - Setting next_dagrun for trend_pipeline to None, run_after=None
[2025-12-29T14:01:50.916+0000] {processor.py:208} INFO - Processing /opt/airflow/dags/trend_pipeline.py took 0.492 seconds
[2025-12-29T14:02:21.245+0000] {processor.py:186} INFO - Started process (PID=85) to work on /opt/airflow/dags/trend_pipeline.py
[2025-12-29T14:02:21.246+0000] {processor.py:914} INFO - Processing file /opt/airflow/dags/trend_pipeline.py for tasks to queue
[2025-12-29T14:02:21.248+0000] {logging_mixin.py:190} INFO - [2025-12-29T14:02:21.248+0000] {dagbag.py:588} INFO - Filling up the DagBag from /opt/airflow/dags/trend_pipeline.py
[2025-12-29T14:02:21.721+0000] {processor.py:925} INFO - DAG(s) 'trend_pipeline' retrieved from /opt/airflow/dags/trend_pipeline.py
[2025-12-29T14:02:21.736+0000] {logging_mixin.py:190} INFO - [2025-12-29T14:02:21.735+0000] {dag.py:3239} INFO - Sync 1 DAGs
[2025-12-29T14:02:21.743+0000] {logging_mixin.py:190} INFO - [2025-12-29T14:02:21.743+0000] {dag.py:4180} INFO - Setting next_dagrun for trend_pipeline to None, run_after=None
[2025-12-29T14:02:21.753+0000] {processor.py:208} INFO - Processing /opt/airflow/dags/trend_pipeline.py took 0.517 seconds
[2025-12-29T14:02:52.142+0000] {processor.py:186} INFO - Started process (PID=86) to work on /opt/airflow/dags/trend_pipeline.py
[2025-12-29T14:02:52.144+0000] {processor.py:914} INFO - Processing file /opt/airflow/dags/trend_pipeline.py for tasks to queue
[2025-12-29T14:02:52.149+0000] {logging_mixin.py:190} INFO - [2025-12-29T14:02:52.148+0000] {dagbag.py:588} INFO - Filling up the DagBag from /opt/airflow/dags/trend_pipeline.py
[2025-12-29T14:02:52.925+0000] {processor.py:925} INFO - DAG(s) 'trend_pipeline' retrieved from /opt/airflow/dags/trend_pipeline.py
[2025-12-29T14:02:52.948+0000] {logging_mixin.py:190} INFO - [2025-12-29T14:02:52.947+0000] {dag.py:3239} INFO - Sync 1 DAGs
[2025-12-29T14:02:52.956+0000] {logging_mixin.py:190} INFO - [2025-12-29T14:02:52.956+0000] {dag.py:4180} INFO - Setting next_dagrun for trend_pipeline to None, run_after=None
[2025-12-29T14:02:52.966+0000] {processor.py:208} INFO - Processing /opt/airflow/dags/trend_pipeline.py took 0.836 seconds
[2025-12-29T14:03:23.400+0000] {processor.py:186} INFO - Started process (PID=87) to work on /opt/airflow/dags/trend_pipeline.py
[2025-12-29T14:03:23.402+0000] {processor.py:914} INFO - Processing file /opt/airflow/dags/trend_pipeline.py for tasks to queue
[2025-12-29T14:03:23.408+0000] {logging_mixin.py:190} INFO - [2025-12-29T14:03:23.407+0000] {dagbag.py:588} INFO - Filling up the DagBag from /opt/airflow/dags/trend_pipeline.py
[2025-12-29T14:03:24.187+0000] {processor.py:925} INFO - DAG(s) 'trend_pipeline' retrieved from /opt/airflow/dags/trend_pipeline.py
[2025-12-29T14:03:24.208+0000] {logging_mixin.py:190} INFO - [2025-12-29T14:03:24.208+0000] {dag.py:3239} INFO - Sync 1 DAGs
[2025-12-29T14:03:24.216+0000] {logging_mixin.py:190} INFO - [2025-12-29T14:03:24.216+0000] {dag.py:4180} INFO - Setting next_dagrun for trend_pipeline to None, run_after=None
[2025-12-29T14:03:24.227+0000] {processor.py:208} INFO - Processing /opt/airflow/dags/trend_pipeline.py took 0.843 seconds
[2025-12-29T14:03:54.541+0000] {processor.py:186} INFO - Started process (PID=88) to work on /opt/airflow/dags/trend_pipeline.py
[2025-12-29T14:03:54.542+0000] {processor.py:914} INFO - Processing file /opt/airflow/dags/trend_pipeline.py for tasks to queue
[2025-12-29T14:03:54.545+0000] {logging_mixin.py:190} INFO - [2025-12-29T14:03:54.544+0000] {dagbag.py:588} INFO - Filling up the DagBag from /opt/airflow/dags/trend_pipeline.py
[2025-12-29T14:03:54.973+0000] {processor.py:925} INFO - DAG(s) 'trend_pipeline' retrieved from /opt/airflow/dags/trend_pipeline.py
[2025-12-29T14:03:54.988+0000] {logging_mixin.py:190} INFO - [2025-12-29T14:03:54.988+0000] {dag.py:3239} INFO - Sync 1 DAGs
[2025-12-29T14:03:54.995+0000] {logging_mixin.py:190} INFO - [2025-12-29T14:03:54.995+0000] {dag.py:4180} INFO - Setting next_dagrun for trend_pipeline to None, run_after=None
[2025-12-29T14:03:55.005+0000] {processor.py:208} INFO - Processing /opt/airflow/dags/trend_pipeline.py took 0.471 seconds
[2025-12-29T14:04:25.475+0000] {processor.py:186} INFO - Started process (PID=89) to work on /opt/airflow/dags/trend_pipeline.py
[2025-12-29T14:04:25.476+0000] {processor.py:914} INFO - Processing file /opt/airflow/dags/trend_pipeline.py for tasks to queue
[2025-12-29T14:04:25.483+0000] {logging_mixin.py:190} INFO - [2025-12-29T14:04:25.483+0000] {dagbag.py:588} INFO - Filling up the DagBag from /opt/airflow/dags/trend_pipeline.py
[2025-12-29T14:04:26.299+0000] {processor.py:925} INFO - DAG(s) 'trend_pipeline' retrieved from /opt/airflow/dags/trend_pipeline.py
[2025-12-29T14:04:26.321+0000] {logging_mixin.py:190} INFO - [2025-12-29T14:04:26.321+0000] {dag.py:3239} INFO - Sync 1 DAGs
[2025-12-29T14:04:26.330+0000] {logging_mixin.py:190} INFO - [2025-12-29T14:04:26.330+0000] {dag.py:4180} INFO - Setting next_dagrun for trend_pipeline to None, run_after=None
[2025-12-29T14:04:26.342+0000] {processor.py:208} INFO - Processing /opt/airflow/dags/trend_pipeline.py took 0.885 seconds
[2025-12-29T14:04:56.780+0000] {processor.py:186} INFO - Started process (PID=90) to work on /opt/airflow/dags/trend_pipeline.py
[2025-12-29T14:04:56.782+0000] {processor.py:914} INFO - Processing file /opt/airflow/dags/trend_pipeline.py for tasks to queue
[2025-12-29T14:04:56.792+0000] {logging_mixin.py:190} INFO - [2025-12-29T14:04:56.789+0000] {dagbag.py:588} INFO - Filling up the DagBag from /opt/airflow/dags/trend_pipeline.py
[2025-12-29T14:04:57.465+0000] {processor.py:925} INFO - DAG(s) 'trend_pipeline' retrieved from /opt/airflow/dags/trend_pipeline.py
[2025-12-29T14:04:57.485+0000] {logging_mixin.py:190} INFO - [2025-12-29T14:04:57.485+0000] {dag.py:3239} INFO - Sync 1 DAGs
[2025-12-29T14:04:57.494+0000] {logging_mixin.py:190} INFO - [2025-12-29T14:04:57.494+0000] {dag.py:4180} INFO - Setting next_dagrun for trend_pipeline to None, run_after=None
[2025-12-29T14:04:57.504+0000] {processor.py:208} INFO - Processing /opt/airflow/dags/trend_pipeline.py took 0.747 seconds
[2025-12-29T14:05:27.689+0000] {processor.py:186} INFO - Started process (PID=91) to work on /opt/airflow/dags/trend_pipeline.py
[2025-12-29T14:05:27.693+0000] {processor.py:914} INFO - Processing file /opt/airflow/dags/trend_pipeline.py for tasks to queue
[2025-12-29T14:05:27.700+0000] {logging_mixin.py:190} INFO - [2025-12-29T14:05:27.699+0000] {dagbag.py:588} INFO - Filling up the DagBag from /opt/airflow/dags/trend_pipeline.py
[2025-12-29T14:05:28.474+0000] {processor.py:925} INFO - DAG(s) 'trend_pipeline' retrieved from /opt/airflow/dags/trend_pipeline.py
[2025-12-29T14:05:28.496+0000] {logging_mixin.py:190} INFO - [2025-12-29T14:05:28.496+0000] {dag.py:3239} INFO - Sync 1 DAGs
[2025-12-29T14:05:28.504+0000] {logging_mixin.py:190} INFO - [2025-12-29T14:05:28.504+0000] {dag.py:4180} INFO - Setting next_dagrun for trend_pipeline to None, run_after=None
[2025-12-29T14:05:28.515+0000] {processor.py:208} INFO - Processing /opt/airflow/dags/trend_pipeline.py took 0.842 seconds
[2025-12-29T14:05:58.903+0000] {processor.py:186} INFO - Started process (PID=92) to work on /opt/airflow/dags/trend_pipeline.py
[2025-12-29T14:05:58.905+0000] {processor.py:914} INFO - Processing file /opt/airflow/dags/trend_pipeline.py for tasks to queue
[2025-12-29T14:05:58.913+0000] {logging_mixin.py:190} INFO - [2025-12-29T14:05:58.911+0000] {dagbag.py:588} INFO - Filling up the DagBag from /opt/airflow/dags/trend_pipeline.py
[2025-12-29T14:05:59.467+0000] {processor.py:925} INFO - DAG(s) 'trend_pipeline' retrieved from /opt/airflow/dags/trend_pipeline.py
[2025-12-29T14:05:59.485+0000] {logging_mixin.py:190} INFO - [2025-12-29T14:05:59.484+0000] {dag.py:3239} INFO - Sync 1 DAGs
[2025-12-29T14:05:59.494+0000] {logging_mixin.py:190} INFO - [2025-12-29T14:05:59.494+0000] {dag.py:4180} INFO - Setting next_dagrun for trend_pipeline to None, run_after=None
[2025-12-29T14:05:59.505+0000] {processor.py:208} INFO - Processing /opt/airflow/dags/trend_pipeline.py took 0.615 seconds
[2025-12-29T14:06:29.907+0000] {processor.py:186} INFO - Started process (PID=93) to work on /opt/airflow/dags/trend_pipeline.py
[2025-12-29T14:06:29.911+0000] {processor.py:914} INFO - Processing file /opt/airflow/dags/trend_pipeline.py for tasks to queue
[2025-12-29T14:06:29.921+0000] {logging_mixin.py:190} INFO - [2025-12-29T14:06:29.919+0000] {dagbag.py:588} INFO - Filling up the DagBag from /opt/airflow/dags/trend_pipeline.py
[2025-12-29T14:06:30.769+0000] {processor.py:925} INFO - DAG(s) 'trend_pipeline' retrieved from /opt/airflow/dags/trend_pipeline.py
[2025-12-29T14:06:30.790+0000] {logging_mixin.py:190} INFO - [2025-12-29T14:06:30.790+0000] {dag.py:3239} INFO - Sync 1 DAGs
[2025-12-29T14:06:30.800+0000] {logging_mixin.py:190} INFO - [2025-12-29T14:06:30.800+0000] {dag.py:4180} INFO - Setting next_dagrun for trend_pipeline to None, run_after=None
[2025-12-29T14:06:30.810+0000] {processor.py:208} INFO - Processing /opt/airflow/dags/trend_pipeline.py took 0.932 seconds
[2025-12-29T14:07:00.932+0000] {processor.py:186} INFO - Started process (PID=94) to work on /opt/airflow/dags/trend_pipeline.py
[2025-12-29T14:07:00.935+0000] {processor.py:914} INFO - Processing file /opt/airflow/dags/trend_pipeline.py for tasks to queue
[2025-12-29T14:07:00.946+0000] {logging_mixin.py:190} INFO - [2025-12-29T14:07:00.943+0000] {dagbag.py:588} INFO - Filling up the DagBag from /opt/airflow/dags/trend_pipeline.py
[2025-12-29T14:07:01.774+0000] {processor.py:925} INFO - DAG(s) 'trend_pipeline' retrieved from /opt/airflow/dags/trend_pipeline.py
[2025-12-29T14:07:01.799+0000] {logging_mixin.py:190} INFO - [2025-12-29T14:07:01.799+0000] {dag.py:3239} INFO - Sync 1 DAGs
[2025-12-29T14:07:01.808+0000] {logging_mixin.py:190} INFO - [2025-12-29T14:07:01.807+0000] {dag.py:4180} INFO - Setting next_dagrun for trend_pipeline to None, run_after=None
[2025-12-29T14:07:01.818+0000] {processor.py:208} INFO - Processing /opt/airflow/dags/trend_pipeline.py took 0.909 seconds
[2025-12-29T14:07:32.178+0000] {processor.py:186} INFO - Started process (PID=95) to work on /opt/airflow/dags/trend_pipeline.py
[2025-12-29T14:07:32.179+0000] {processor.py:914} INFO - Processing file /opt/airflow/dags/trend_pipeline.py for tasks to queue
[2025-12-29T14:07:32.183+0000] {logging_mixin.py:190} INFO - [2025-12-29T14:07:32.183+0000] {dagbag.py:588} INFO - Filling up the DagBag from /opt/airflow/dags/trend_pipeline.py
[2025-12-29T14:07:32.736+0000] {processor.py:925} INFO - DAG(s) 'trend_pipeline' retrieved from /opt/airflow/dags/trend_pipeline.py
[2025-12-29T14:07:32.754+0000] {logging_mixin.py:190} INFO - [2025-12-29T14:07:32.754+0000] {dag.py:3239} INFO - Sync 1 DAGs
[2025-12-29T14:07:32.762+0000] {logging_mixin.py:190} INFO - [2025-12-29T14:07:32.762+0000] {dag.py:4180} INFO - Setting next_dagrun for trend_pipeline to None, run_after=None
[2025-12-29T14:07:32.772+0000] {processor.py:208} INFO - Processing /opt/airflow/dags/trend_pipeline.py took 0.601 seconds
[2025-12-29T14:08:02.837+0000] {processor.py:186} INFO - Started process (PID=96) to work on /opt/airflow/dags/trend_pipeline.py
[2025-12-29T14:08:02.838+0000] {processor.py:914} INFO - Processing file /opt/airflow/dags/trend_pipeline.py for tasks to queue
[2025-12-29T14:08:02.854+0000] {logging_mixin.py:190} INFO - [2025-12-29T14:08:02.853+0000] {dagbag.py:588} INFO - Filling up the DagBag from /opt/airflow/dags/trend_pipeline.py
[2025-12-29T14:08:03.520+0000] {processor.py:925} INFO - DAG(s) 'trend_pipeline' retrieved from /opt/airflow/dags/trend_pipeline.py
[2025-12-29T14:08:03.547+0000] {logging_mixin.py:190} INFO - [2025-12-29T14:08:03.546+0000] {dag.py:3239} INFO - Sync 1 DAGs
[2025-12-29T14:08:03.560+0000] {logging_mixin.py:190} INFO - [2025-12-29T14:08:03.559+0000] {dag.py:4180} INFO - Setting next_dagrun for trend_pipeline to None, run_after=None
[2025-12-29T14:08:03.578+0000] {processor.py:208} INFO - Processing /opt/airflow/dags/trend_pipeline.py took 0.751 seconds
[2025-12-29T14:08:33.956+0000] {processor.py:186} INFO - Started process (PID=97) to work on /opt/airflow/dags/trend_pipeline.py
[2025-12-29T14:08:33.959+0000] {processor.py:914} INFO - Processing file /opt/airflow/dags/trend_pipeline.py for tasks to queue
[2025-12-29T14:08:33.961+0000] {logging_mixin.py:190} INFO - [2025-12-29T14:08:33.961+0000] {dagbag.py:588} INFO - Filling up the DagBag from /opt/airflow/dags/trend_pipeline.py
[2025-12-29T14:08:34.559+0000] {processor.py:925} INFO - DAG(s) 'trend_pipeline' retrieved from /opt/airflow/dags/trend_pipeline.py
[2025-12-29T14:08:34.576+0000] {logging_mixin.py:190} INFO - [2025-12-29T14:08:34.575+0000] {dag.py:3239} INFO - Sync 1 DAGs
[2025-12-29T14:08:34.583+0000] {logging_mixin.py:190} INFO - [2025-12-29T14:08:34.583+0000] {dag.py:4180} INFO - Setting next_dagrun for trend_pipeline to None, run_after=None
[2025-12-29T14:08:34.592+0000] {processor.py:208} INFO - Processing /opt/airflow/dags/trend_pipeline.py took 0.658 seconds
[2025-12-29T14:09:04.854+0000] {processor.py:186} INFO - Started process (PID=98) to work on /opt/airflow/dags/trend_pipeline.py
[2025-12-29T14:09:04.856+0000] {processor.py:914} INFO - Processing file /opt/airflow/dags/trend_pipeline.py for tasks to queue
[2025-12-29T14:09:04.862+0000] {logging_mixin.py:190} INFO - [2025-12-29T14:09:04.861+0000] {dagbag.py:588} INFO - Filling up the DagBag from /opt/airflow/dags/trend_pipeline.py
[2025-12-29T14:09:05.502+0000] {processor.py:925} INFO - DAG(s) 'trend_pipeline' retrieved from /opt/airflow/dags/trend_pipeline.py
[2025-12-29T14:09:05.522+0000] {logging_mixin.py:190} INFO - [2025-12-29T14:09:05.522+0000] {dag.py:3239} INFO - Sync 1 DAGs
[2025-12-29T14:09:05.532+0000] {logging_mixin.py:190} INFO - [2025-12-29T14:09:05.532+0000] {dag.py:4180} INFO - Setting next_dagrun for trend_pipeline to None, run_after=None
[2025-12-29T14:09:05.543+0000] {processor.py:208} INFO - Processing /opt/airflow/dags/trend_pipeline.py took 0.701 seconds
[2025-12-29T14:09:35.942+0000] {processor.py:186} INFO - Started process (PID=99) to work on /opt/airflow/dags/trend_pipeline.py
[2025-12-29T14:09:35.944+0000] {processor.py:914} INFO - Processing file /opt/airflow/dags/trend_pipeline.py for tasks to queue
[2025-12-29T14:09:35.950+0000] {logging_mixin.py:190} INFO - [2025-12-29T14:09:35.949+0000] {dagbag.py:588} INFO - Filling up the DagBag from /opt/airflow/dags/trend_pipeline.py
[2025-12-29T14:09:36.585+0000] {processor.py:925} INFO - DAG(s) 'trend_pipeline' retrieved from /opt/airflow/dags/trend_pipeline.py
[2025-12-29T14:09:36.609+0000] {logging_mixin.py:190} INFO - [2025-12-29T14:09:36.608+0000] {dag.py:3239} INFO - Sync 1 DAGs
[2025-12-29T14:09:36.617+0000] {logging_mixin.py:190} INFO - [2025-12-29T14:09:36.617+0000] {dag.py:4180} INFO - Setting next_dagrun for trend_pipeline to None, run_after=None
[2025-12-29T14:09:36.627+0000] {processor.py:208} INFO - Processing /opt/airflow/dags/trend_pipeline.py took 0.697 seconds
[2025-12-29T14:10:07.018+0000] {processor.py:186} INFO - Started process (PID=100) to work on /opt/airflow/dags/trend_pipeline.py
[2025-12-29T14:10:07.020+0000] {processor.py:914} INFO - Processing file /opt/airflow/dags/trend_pipeline.py for tasks to queue
[2025-12-29T14:10:07.027+0000] {logging_mixin.py:190} INFO - [2025-12-29T14:10:07.026+0000] {dagbag.py:588} INFO - Filling up the DagBag from /opt/airflow/dags/trend_pipeline.py
[2025-12-29T14:10:07.686+0000] {processor.py:925} INFO - DAG(s) 'trend_pipeline' retrieved from /opt/airflow/dags/trend_pipeline.py
[2025-12-29T14:10:07.719+0000] {logging_mixin.py:190} INFO - [2025-12-29T14:10:07.719+0000] {dag.py:3239} INFO - Sync 1 DAGs
[2025-12-29T14:10:07.728+0000] {logging_mixin.py:190} INFO - [2025-12-29T14:10:07.728+0000] {dag.py:4180} INFO - Setting next_dagrun for trend_pipeline to None, run_after=None
[2025-12-29T14:10:07.738+0000] {processor.py:208} INFO - Processing /opt/airflow/dags/trend_pipeline.py took 0.730 seconds
[2025-12-29T14:10:38.013+0000] {processor.py:186} INFO - Started process (PID=101) to work on /opt/airflow/dags/trend_pipeline.py
[2025-12-29T14:10:38.014+0000] {processor.py:914} INFO - Processing file /opt/airflow/dags/trend_pipeline.py for tasks to queue
[2025-12-29T14:10:38.016+0000] {logging_mixin.py:190} INFO - [2025-12-29T14:10:38.016+0000] {dagbag.py:588} INFO - Filling up the DagBag from /opt/airflow/dags/trend_pipeline.py
[2025-12-29T14:10:38.349+0000] {processor.py:925} INFO - DAG(s) 'trend_pipeline' retrieved from /opt/airflow/dags/trend_pipeline.py
[2025-12-29T14:10:38.367+0000] {logging_mixin.py:190} INFO - [2025-12-29T14:10:38.366+0000] {dag.py:3239} INFO - Sync 1 DAGs
[2025-12-29T14:10:38.374+0000] {logging_mixin.py:190} INFO - [2025-12-29T14:10:38.374+0000] {dag.py:4180} INFO - Setting next_dagrun for trend_pipeline to None, run_after=None
[2025-12-29T14:10:38.384+0000] {processor.py:208} INFO - Processing /opt/airflow/dags/trend_pipeline.py took 0.378 seconds
[2025-12-29T14:11:08.766+0000] {processor.py:186} INFO - Started process (PID=102) to work on /opt/airflow/dags/trend_pipeline.py
[2025-12-29T14:11:08.768+0000] {processor.py:914} INFO - Processing file /opt/airflow/dags/trend_pipeline.py for tasks to queue
[2025-12-29T14:11:08.774+0000] {logging_mixin.py:190} INFO - [2025-12-29T14:11:08.773+0000] {dagbag.py:588} INFO - Filling up the DagBag from /opt/airflow/dags/trend_pipeline.py
[2025-12-29T14:11:09.223+0000] {processor.py:925} INFO - DAG(s) 'trend_pipeline' retrieved from /opt/airflow/dags/trend_pipeline.py
[2025-12-29T14:11:09.254+0000] {logging_mixin.py:190} INFO - [2025-12-29T14:11:09.253+0000] {dag.py:3239} INFO - Sync 1 DAGs
[2025-12-29T14:11:09.266+0000] {logging_mixin.py:190} INFO - [2025-12-29T14:11:09.266+0000] {dag.py:4180} INFO - Setting next_dagrun for trend_pipeline to None, run_after=None
[2025-12-29T14:11:09.278+0000] {processor.py:208} INFO - Processing /opt/airflow/dags/trend_pipeline.py took 0.525 seconds
[2025-12-29T14:11:39.683+0000] {processor.py:186} INFO - Started process (PID=103) to work on /opt/airflow/dags/trend_pipeline.py
[2025-12-29T14:11:39.684+0000] {processor.py:914} INFO - Processing file /opt/airflow/dags/trend_pipeline.py for tasks to queue
[2025-12-29T14:11:39.693+0000] {logging_mixin.py:190} INFO - [2025-12-29T14:11:39.693+0000] {dagbag.py:588} INFO - Filling up the DagBag from /opt/airflow/dags/trend_pipeline.py
[2025-12-29T14:11:40.062+0000] {processor.py:925} INFO - DAG(s) 'trend_pipeline' retrieved from /opt/airflow/dags/trend_pipeline.py
[2025-12-29T14:11:40.081+0000] {logging_mixin.py:190} INFO - [2025-12-29T14:11:40.081+0000] {dag.py:3239} INFO - Sync 1 DAGs
[2025-12-29T14:11:40.090+0000] {logging_mixin.py:190} INFO - [2025-12-29T14:11:40.089+0000] {dag.py:4180} INFO - Setting next_dagrun for trend_pipeline to None, run_after=None
[2025-12-29T14:11:40.099+0000] {processor.py:208} INFO - Processing /opt/airflow/dags/trend_pipeline.py took 0.426 seconds
[2025-12-29T14:12:10.466+0000] {processor.py:186} INFO - Started process (PID=104) to work on /opt/airflow/dags/trend_pipeline.py
[2025-12-29T14:12:10.468+0000] {processor.py:914} INFO - Processing file /opt/airflow/dags/trend_pipeline.py for tasks to queue
[2025-12-29T14:12:10.474+0000] {logging_mixin.py:190} INFO - [2025-12-29T14:12:10.473+0000] {dagbag.py:588} INFO - Filling up the DagBag from /opt/airflow/dags/trend_pipeline.py
[2025-12-29T14:12:10.985+0000] {processor.py:925} INFO - DAG(s) 'trend_pipeline' retrieved from /opt/airflow/dags/trend_pipeline.py
[2025-12-29T14:12:11.014+0000] {logging_mixin.py:190} INFO - [2025-12-29T14:12:11.013+0000] {dag.py:3239} INFO - Sync 1 DAGs
[2025-12-29T14:12:11.025+0000] {logging_mixin.py:190} INFO - [2025-12-29T14:12:11.025+0000] {dag.py:4180} INFO - Setting next_dagrun for trend_pipeline to None, run_after=None
[2025-12-29T14:12:11.039+0000] {processor.py:208} INFO - Processing /opt/airflow/dags/trend_pipeline.py took 0.585 seconds
[2025-12-29T14:12:41.419+0000] {processor.py:186} INFO - Started process (PID=105) to work on /opt/airflow/dags/trend_pipeline.py
[2025-12-29T14:12:41.420+0000] {processor.py:914} INFO - Processing file /opt/airflow/dags/trend_pipeline.py for tasks to queue
[2025-12-29T14:12:41.422+0000] {logging_mixin.py:190} INFO - [2025-12-29T14:12:41.422+0000] {dagbag.py:588} INFO - Filling up the DagBag from /opt/airflow/dags/trend_pipeline.py
[2025-12-29T14:12:41.755+0000] {processor.py:925} INFO - DAG(s) 'trend_pipeline' retrieved from /opt/airflow/dags/trend_pipeline.py
[2025-12-29T14:12:41.776+0000] {logging_mixin.py:190} INFO - [2025-12-29T14:12:41.775+0000] {dag.py:3239} INFO - Sync 1 DAGs
[2025-12-29T14:12:41.785+0000] {logging_mixin.py:190} INFO - [2025-12-29T14:12:41.785+0000] {dag.py:4180} INFO - Setting next_dagrun for trend_pipeline to None, run_after=None
[2025-12-29T14:12:41.796+0000] {processor.py:208} INFO - Processing /opt/airflow/dags/trend_pipeline.py took 0.384 seconds
[2025-12-29T14:13:12.155+0000] {processor.py:186} INFO - Started process (PID=106) to work on /opt/airflow/dags/trend_pipeline.py
[2025-12-29T14:13:12.156+0000] {processor.py:914} INFO - Processing file /opt/airflow/dags/trend_pipeline.py for tasks to queue
[2025-12-29T14:13:12.161+0000] {logging_mixin.py:190} INFO - [2025-12-29T14:13:12.160+0000] {dagbag.py:588} INFO - Filling up the DagBag from /opt/airflow/dags/trend_pipeline.py
[2025-12-29T14:13:12.552+0000] {processor.py:925} INFO - DAG(s) 'trend_pipeline' retrieved from /opt/airflow/dags/trend_pipeline.py
[2025-12-29T14:13:12.571+0000] {logging_mixin.py:190} INFO - [2025-12-29T14:13:12.571+0000] {dag.py:3239} INFO - Sync 1 DAGs
[2025-12-29T14:13:12.579+0000] {logging_mixin.py:190} INFO - [2025-12-29T14:13:12.579+0000] {dag.py:4180} INFO - Setting next_dagrun for trend_pipeline to None, run_after=None
[2025-12-29T14:13:12.589+0000] {processor.py:208} INFO - Processing /opt/airflow/dags/trend_pipeline.py took 0.443 seconds
[2025-12-29T14:13:42.913+0000] {processor.py:186} INFO - Started process (PID=107) to work on /opt/airflow/dags/trend_pipeline.py
[2025-12-29T14:13:42.914+0000] {processor.py:914} INFO - Processing file /opt/airflow/dags/trend_pipeline.py for tasks to queue
[2025-12-29T14:13:42.917+0000] {logging_mixin.py:190} INFO - [2025-12-29T14:13:42.916+0000] {dagbag.py:588} INFO - Filling up the DagBag from /opt/airflow/dags/trend_pipeline.py
[2025-12-29T14:13:43.336+0000] {processor.py:925} INFO - DAG(s) 'trend_pipeline' retrieved from /opt/airflow/dags/trend_pipeline.py
[2025-12-29T14:13:43.368+0000] {logging_mixin.py:190} INFO - [2025-12-29T14:13:43.367+0000] {dag.py:3239} INFO - Sync 1 DAGs
[2025-12-29T14:13:43.379+0000] {logging_mixin.py:190} INFO - [2025-12-29T14:13:43.379+0000] {dag.py:4180} INFO - Setting next_dagrun for trend_pipeline to None, run_after=None
[2025-12-29T14:13:43.391+0000] {processor.py:208} INFO - Processing /opt/airflow/dags/trend_pipeline.py took 0.494 seconds
[2025-12-29T14:14:13.769+0000] {processor.py:186} INFO - Started process (PID=108) to work on /opt/airflow/dags/trend_pipeline.py
[2025-12-29T14:14:13.771+0000] {processor.py:914} INFO - Processing file /opt/airflow/dags/trend_pipeline.py for tasks to queue
[2025-12-29T14:14:13.780+0000] {logging_mixin.py:190} INFO - [2025-12-29T14:14:13.780+0000] {dagbag.py:588} INFO - Filling up the DagBag from /opt/airflow/dags/trend_pipeline.py
[2025-12-29T14:14:14.302+0000] {processor.py:925} INFO - DAG(s) 'trend_pipeline' retrieved from /opt/airflow/dags/trend_pipeline.py
[2025-12-29T14:14:14.343+0000] {logging_mixin.py:190} INFO - [2025-12-29T14:14:14.343+0000] {dag.py:3239} INFO - Sync 1 DAGs
[2025-12-29T14:14:14.356+0000] {logging_mixin.py:190} INFO - [2025-12-29T14:14:14.356+0000] {dag.py:4180} INFO - Setting next_dagrun for trend_pipeline to None, run_after=None
[2025-12-29T14:14:14.370+0000] {processor.py:208} INFO - Processing /opt/airflow/dags/trend_pipeline.py took 0.620 seconds
