[2025-12-30T02:04:37.178+0000] {local_task_job_runner.py:123} INFO - ::group::Pre task execution logs
[2025-12-30T02:04:37.193+0000] {taskinstance.py:2612} INFO - Dependencies all met for dep_context=non-requeueable deps ti=<TaskInstance: trend_pipeline.send_log_webhook auto__128_1767060000188 [queued]>
[2025-12-30T02:04:37.200+0000] {taskinstance.py:2612} INFO - Dependencies all met for dep_context=requeueable deps ti=<TaskInstance: trend_pipeline.send_log_webhook auto__128_1767060000188 [queued]>
[2025-12-30T02:04:37.200+0000] {taskinstance.py:2865} INFO - Starting attempt 1 of 3
[2025-12-30T02:04:37.210+0000] {taskinstance.py:2888} INFO - Executing <Task(PythonOperator): send_log_webhook> on 2025-12-30 02:00:00.433853+00:00
[2025-12-30T02:04:37.227+0000] {warnings.py:112} WARNING - /home/***/.local/lib/python3.12/site-packages/***/task/task_runner/standard_task_runner.py:70: DeprecationWarning: This process (pid=257) is multi-threaded, use of fork() may lead to deadlocks in the child.
  pid = os.fork()

[2025-12-30T02:04:37.230+0000] {standard_task_runner.py:72} INFO - Started process 259 to run task
[2025-12-30T02:04:37.229+0000] {standard_task_runner.py:104} INFO - Running: ['***', 'tasks', 'run', 'trend_pipeline', 'send_log_webhook', 'auto__128_1767060000188', '--job-id', '22', '--raw', '--subdir', 'DAGS_FOLDER/trend_pipeline.py', '--cfg-path', '/tmp/tmpmgszmkpp']
[2025-12-30T02:04:37.235+0000] {standard_task_runner.py:105} INFO - Job 22: Subtask send_log_webhook
[2025-12-30T02:04:37.300+0000] {task_command.py:467} INFO - Running <TaskInstance: trend_pipeline.send_log_webhook auto__128_1767060000188 [running]> on host 5580cc714497
[2025-12-30T02:04:37.393+0000] {taskinstance.py:3131} INFO - Exporting env vars: AIRFLOW_CTX_DAG_OWNER='trend-bot' AIRFLOW_CTX_DAG_ID='trend_pipeline' AIRFLOW_CTX_TASK_ID='send_log_webhook' AIRFLOW_CTX_EXECUTION_DATE='2025-12-30T02:00:00.433853+00:00' AIRFLOW_CTX_TRY_NUMBER='1' AIRFLOW_CTX_DAG_RUN_ID='auto__128_1767060000188'
[2025-12-30T02:04:37.397+0000] {taskinstance.py:731} INFO - ::endgroup::
[2025-12-30T02:04:37.424+0000] {trend_pipeline.py:381} INFO - Airflow 로그 수집 시작...
[2025-12-30T02:04:37.437+0000] {trend_pipeline.py:424} INFO - 로그 수집 웹훅 호출 - workId: 83, dagId: trend_pipeline, runId: auto__128_1767060000188
[2025-12-30T02:04:37.595+0000] {trend_pipeline.py:428} INFO - 로그 수집 웹훅 호출 성공 - workId: 83
[2025-12-30T02:04:37.596+0000] {python.py:240} INFO - Done. Returned value was: None
[2025-12-30T02:04:37.609+0000] {taskinstance.py:340} INFO - ::group::Post task execution logs
[2025-12-30T02:04:37.609+0000] {taskinstance.py:352} INFO - Marking task as SUCCESS. dag_id=trend_pipeline, task_id=send_log_webhook, run_id=auto__128_1767060000188, execution_date=20251230T020000, start_date=20251230T020437, end_date=20251230T020437
[2025-12-30T02:04:37.658+0000] {local_task_job_runner.py:266} INFO - Task exited with return code 0
[2025-12-30T02:04:37.694+0000] {local_task_job_runner.py:245} INFO - ::endgroup::
