[2025-12-30T10:19:06.004+0000] {local_task_job_runner.py:123} INFO - ::group::Pre task execution logs
[2025-12-30T10:19:06.067+0000] {taskinstance.py:2612} INFO - Dependencies all met for dep_context=non-requeueable deps ti=<TaskInstance: trend_pipeline.send_log_webhook auto__133_1767068534929 [queued]>
[2025-12-30T10:19:06.110+0000] {taskinstance.py:2612} INFO - Dependencies all met for dep_context=requeueable deps ti=<TaskInstance: trend_pipeline.send_log_webhook auto__133_1767068534929 [queued]>
[2025-12-30T10:19:06.111+0000] {taskinstance.py:2865} INFO - Starting attempt 1 of 3
[2025-12-30T10:19:06.207+0000] {taskinstance.py:2888} INFO - Executing <Task(PythonOperator): send_log_webhook> on 2025-12-30 03:49:19.582384+00:00
[2025-12-30T10:19:06.234+0000] {warnings.py:112} WARNING - /home/***/.local/lib/python3.12/site-packages/***/task/task_runner/standard_task_runner.py:70: DeprecationWarning: This process (pid=56) is multi-threaded, use of fork() may lead to deadlocks in the child.
  pid = os.fork()

[2025-12-30T10:19:06.239+0000] {standard_task_runner.py:72} INFO - Started process 71 to run task
[2025-12-30T10:19:06.240+0000] {standard_task_runner.py:104} INFO - Running: ['***', 'tasks', 'run', 'trend_pipeline', 'send_log_webhook', 'auto__133_1767068534929', '--job-id', '45', '--raw', '--subdir', 'DAGS_FOLDER/trend_pipeline.py', '--cfg-path', '/tmp/tmp4z7yt86f']
[2025-12-30T10:19:06.253+0000] {standard_task_runner.py:105} INFO - Job 45: Subtask send_log_webhook
[2025-12-30T10:19:06.417+0000] {task_command.py:467} INFO - Running <TaskInstance: trend_pipeline.send_log_webhook auto__133_1767068534929 [running]> on host f8db5545ad2e
[2025-12-30T10:19:06.797+0000] {taskinstance.py:3131} INFO - Exporting env vars: AIRFLOW_CTX_DAG_OWNER='trend-bot' AIRFLOW_CTX_DAG_ID='trend_pipeline' AIRFLOW_CTX_TASK_ID='send_log_webhook' AIRFLOW_CTX_EXECUTION_DATE='2025-12-30T03:49:19.582384+00:00' AIRFLOW_CTX_TRY_NUMBER='1' AIRFLOW_CTX_DAG_RUN_ID='auto__133_1767068534929'
[2025-12-30T10:19:06.817+0000] {taskinstance.py:731} INFO - ::endgroup::
[2025-12-30T10:19:06.886+0000] {trend_pipeline.py:381} INFO - Airflow 로그 수집 시작...
[2025-12-30T10:19:06.968+0000] {trend_pipeline.py:386} WARNING - ContentGenerateRequest 정보를 찾을 수 없어 로그 수집을 건너뜁니다.
[2025-12-30T10:19:06.977+0000] {python.py:240} INFO - Done. Returned value was: None
[2025-12-30T10:19:07.028+0000] {taskinstance.py:340} INFO - ::group::Post task execution logs
[2025-12-30T10:19:07.029+0000] {taskinstance.py:352} INFO - Marking task as SUCCESS. dag_id=trend_pipeline, task_id=send_log_webhook, run_id=auto__133_1767068534929, execution_date=20251230T034919, start_date=20251230T101906, end_date=20251230T101907
[2025-12-30T10:19:07.094+0000] {local_task_job_runner.py:266} INFO - Task exited with return code 0
[2025-12-30T10:19:07.204+0000] {taskinstance.py:3900} INFO - 0 downstream tasks scheduled from follow-on schedule check
[2025-12-30T10:19:07.207+0000] {local_task_job_runner.py:245} INFO - ::endgroup::
