[2025-12-30T03:01:29.795+0000] {local_task_job_runner.py:123} INFO - ::group::Pre task execution logs
[2025-12-30T03:01:29.820+0000] {taskinstance.py:2612} INFO - Dependencies all met for dep_context=non-requeueable deps ti=<TaskInstance: trend_pipeline.send_keyword_webhook auto__130_1767063600217 [queued]>
[2025-12-30T03:01:29.827+0000] {taskinstance.py:2612} INFO - Dependencies all met for dep_context=requeueable deps ti=<TaskInstance: trend_pipeline.send_keyword_webhook auto__130_1767063600217 [queued]>
[2025-12-30T03:01:29.827+0000] {taskinstance.py:2865} INFO - Starting attempt 1 of 3
[2025-12-30T03:01:29.836+0000] {taskinstance.py:2888} INFO - Executing <Task(PythonOperator): send_keyword_webhook> on 2025-12-30 03:00:01.079284+00:00
[2025-12-30T03:01:29.848+0000] {warnings.py:112} WARNING - /home/***/.local/lib/python3.12/site-packages/***/task/task_runner/standard_task_runner.py:70: DeprecationWarning: This process (pid=1234) is multi-threaded, use of fork() may lead to deadlocks in the child.
  pid = os.fork()

[2025-12-30T03:01:29.850+0000] {standard_task_runner.py:72} INFO - Started process 1236 to run task
[2025-12-30T03:01:29.852+0000] {standard_task_runner.py:104} INFO - Running: ['***', 'tasks', 'run', 'trend_pipeline', 'send_keyword_webhook', 'auto__130_1767063600217', '--job-id', '36', '--raw', '--subdir', 'DAGS_FOLDER/trend_pipeline.py', '--cfg-path', '/tmp/tmp6mhla13r']
[2025-12-30T03:01:29.857+0000] {standard_task_runner.py:105} INFO - Job 36: Subtask send_keyword_webhook
[2025-12-30T03:01:29.911+0000] {task_command.py:467} INFO - Running <TaskInstance: trend_pipeline.send_keyword_webhook auto__130_1767063600217 [running]> on host 5580cc714497
[2025-12-30T03:01:29.979+0000] {taskinstance.py:3131} INFO - Exporting env vars: AIRFLOW_CTX_DAG_OWNER='trend-bot' AIRFLOW_CTX_DAG_ID='trend_pipeline' AIRFLOW_CTX_TASK_ID='send_keyword_webhook' AIRFLOW_CTX_EXECUTION_DATE='2025-12-30T03:00:01.079284+00:00' AIRFLOW_CTX_TRY_NUMBER='1' AIRFLOW_CTX_DAG_RUN_ID='auto__130_1767063600217'
[2025-12-30T03:01:29.981+0000] {taskinstance.py:731} INFO - ::endgroup::
[2025-12-30T03:01:29.996+0000] {trend_pipeline.py:119} INFO - 키워드 선택 결과 전송 중...
[2025-12-30T03:01:30.500+0000] {python.py:240} INFO - Done. Returned value was: None
[2025-12-30T03:01:30.516+0000] {taskinstance.py:340} INFO - ::group::Post task execution logs
[2025-12-30T03:01:30.517+0000] {taskinstance.py:352} INFO - Marking task as SUCCESS. dag_id=trend_pipeline, task_id=send_keyword_webhook, run_id=auto__130_1767063600217, execution_date=20251230T030001, start_date=20251230T030129, end_date=20251230T030130
[2025-12-30T03:01:30.535+0000] {local_task_job_runner.py:266} INFO - Task exited with return code 0
[2025-12-30T03:01:30.564+0000] {taskinstance.py:3900} INFO - 1 downstream tasks scheduled from follow-on schedule check
[2025-12-30T03:01:30.565+0000] {local_task_job_runner.py:245} INFO - ::endgroup::
