[2025-12-30T02:21:57.886+0000] {local_task_job_runner.py:123} INFO - ::group::Pre task execution logs
[2025-12-30T02:21:57.904+0000] {taskinstance.py:2612} INFO - Dependencies all met for dep_context=non-requeueable deps ti=<TaskInstance: trend_pipeline.send_log_webhook auto__130_1767060319788 [queued]>
[2025-12-30T02:21:57.911+0000] {taskinstance.py:2612} INFO - Dependencies all met for dep_context=requeueable deps ti=<TaskInstance: trend_pipeline.send_log_webhook auto__130_1767060319788 [queued]>
[2025-12-30T02:21:57.911+0000] {taskinstance.py:2865} INFO - Starting attempt 1 of 3
[2025-12-30T02:21:57.920+0000] {taskinstance.py:2888} INFO - Executing <Task(PythonOperator): send_log_webhook> on 2025-12-30 02:05:20.807925+00:00
[2025-12-30T02:21:57.936+0000] {warnings.py:112} WARNING - /home/***/.local/lib/python3.12/site-packages/***/task/task_runner/standard_task_runner.py:70: DeprecationWarning: This process (pid=1080) is multi-threaded, use of fork() may lead to deadlocks in the child.
  pid = os.fork()

[2025-12-30T02:21:57.937+0000] {standard_task_runner.py:72} INFO - Started process 1082 to run task
[2025-12-30T02:21:57.937+0000] {standard_task_runner.py:104} INFO - Running: ['***', 'tasks', 'run', 'trend_pipeline', 'send_log_webhook', 'auto__130_1767060319788', '--job-id', '32', '--raw', '--subdir', 'DAGS_FOLDER/trend_pipeline.py', '--cfg-path', '/tmp/tmp950xveh0']
[2025-12-30T02:21:57.941+0000] {standard_task_runner.py:105} INFO - Job 32: Subtask send_log_webhook
[2025-12-30T02:21:58.009+0000] {task_command.py:467} INFO - Running <TaskInstance: trend_pipeline.send_log_webhook auto__130_1767060319788 [running]> on host 5580cc714497
[2025-12-30T02:21:58.076+0000] {taskinstance.py:3131} INFO - Exporting env vars: AIRFLOW_CTX_DAG_OWNER='trend-bot' AIRFLOW_CTX_DAG_ID='trend_pipeline' AIRFLOW_CTX_TASK_ID='send_log_webhook' AIRFLOW_CTX_EXECUTION_DATE='2025-12-30T02:05:20.807925+00:00' AIRFLOW_CTX_TRY_NUMBER='1' AIRFLOW_CTX_DAG_RUN_ID='auto__130_1767060319788'
[2025-12-30T02:21:58.078+0000] {taskinstance.py:731} INFO - ::endgroup::
[2025-12-30T02:21:58.093+0000] {trend_pipeline.py:381} INFO - Airflow 로그 수집 시작...
[2025-12-30T02:21:58.101+0000] {trend_pipeline.py:424} INFO - 로그 수집 웹훅 호출 - workId: 126, dagId: trend_pipeline, runId: auto__130_1767060319788
[2025-12-30T02:21:58.275+0000] {trend_pipeline.py:428} INFO - 로그 수집 웹훅 호출 성공 - workId: 126
[2025-12-30T02:21:58.276+0000] {python.py:240} INFO - Done. Returned value was: None
[2025-12-30T02:21:58.293+0000] {taskinstance.py:340} INFO - ::group::Post task execution logs
[2025-12-30T02:21:58.293+0000] {taskinstance.py:352} INFO - Marking task as SUCCESS. dag_id=trend_pipeline, task_id=send_log_webhook, run_id=auto__130_1767060319788, execution_date=20251230T020520, start_date=20251230T022157, end_date=20251230T022158
[2025-12-30T02:21:58.334+0000] {local_task_job_runner.py:266} INFO - Task exited with return code 0
[2025-12-30T02:21:58.360+0000] {taskinstance.py:3900} INFO - 0 downstream tasks scheduled from follow-on schedule check
[2025-12-30T02:21:58.361+0000] {local_task_job_runner.py:245} INFO - ::endgroup::
